TN:
SF:src/app/page.tsx
FN:13,Home
FN:181,(anonymous_3)
FNF:2
FNH:0
FNDA:0,Home
FNDA:0,(anonymous_3)
DA:3,0
DA:4,0
DA:5,0
DA:6,0
DA:7,0
DA:8,0
DA:9,0
DA:10,0
DA:11,0
DA:13,0
DA:14,0
DA:182,0
LF:12
LH:0
BRDA:39,0,0,0
BRDA:210,1,0,0
BRDA:210,1,1,0
BRDA:217,2,0,0
BRF:4
BRH:0
end_of_record
TN:
SF:src/app/admin/page.tsx
FN:17,AdminPage
FN:28,(anonymous_2)
FN:59,(anonymous_3)
FN:62,(anonymous_4)
FNF:4
FNH:0
FNDA:0,AdminPage
FNDA:0,(anonymous_2)
FNDA:0,(anonymous_3)
FNDA:0,(anonymous_4)
DA:3,0
DA:4,0
DA:5,0
DA:8,0
DA:9,0
DA:10,0
DA:11,0
DA:12,0
DA:13,0
DA:17,0
DA:18,0
DA:20,0
DA:28,0
DA:29,0
DA:31,0
DA:33,0
DA:35,0
DA:37,0
DA:39,0
DA:41,0
DA:60,0
DA:62,0
LF:22
LH:0
BRDA:29,0,0,0
BRDA:29,0,1,0
BRDA:29,0,2,0
BRDA:29,0,3,0
BRDA:29,0,4,0
BRDA:29,0,5,0
BRDA:64,1,0,0
BRDA:64,1,1,0
BRF:8
BRH:0
end_of_record
TN:
SF:src/app/api/admin/reviews/route.ts
FN:33,GET
FNF:1
FNH:0
FNDA:0,GET
DA:1,0
DA:11,0
DA:12,0
DA:13,0
DA:15,0
DA:16,0
DA:33,0
DA:34,0
DA:36,0
DA:37,0
DA:38,0
DA:44,0
DA:45,0
DA:51,0
DA:52,0
DA:53,0
DA:56,0
DA:62,0
DA:63,0
DA:71,0
DA:72,0
DA:75,0
DA:76,0
DA:77,0
DA:83,0
DA:84,0
DA:85,0
DA:86,0
DA:87,0
DA:96,0
DA:100,0
DA:101,0
DA:102,0
DA:103,0
DA:104,0
DA:110,0
DA:113,0
DA:116,0
DA:121,0
DA:123,0
DA:124,0
LF:41
LH:0
BRDA:37,0,0,0
BRDA:37,0,1,0
BRDA:37,1,0,0
BRDA:37,1,1,0
BRDA:44,2,0,0
BRDA:44,2,1,0
BRDA:53,3,0,0
BRDA:53,3,1,0
BRDA:62,4,0,0
BRDA:62,4,1,0
BRDA:62,5,0,0
BRDA:62,5,1,0
BRDA:85,6,0,0
BRDA:85,6,1,0
BRDA:102,7,0,0
BRDA:102,7,1,0
BRF:16
BRH:0
end_of_record
TN:
SF:src/app/api/admin/reviews/[id]/route.ts
FN:10,PATCH
FNF:1
FNH:0
FNDA:0,PATCH
DA:1,0
DA:2,0
DA:3,0
DA:4,0
DA:6,0
DA:7,0
DA:10,0
DA:14,0
DA:16,0
DA:17,0
DA:18,0
DA:24,0
DA:25,0
DA:31,0
DA:32,0
DA:33,0
DA:35,0
DA:36,0
DA:43,0
DA:44,0
DA:46,0
DA:47,0
DA:53,0
DA:56,0
DA:57,0
DA:64,0
DA:65,0
DA:68,0
DA:71,0
DA:72,0
DA:73,0
DA:74,0
DA:76,0
DA:77,0
DA:80,0
DA:81,0
DA:88,0
DA:93,0
DA:98,0
DA:100,0
DA:101,0
LF:41
LH:0
BRDA:17,0,0,0
BRDA:17,0,1,0
BRDA:17,1,0,0
BRDA:17,1,1,0
BRDA:24,2,0,0
BRDA:24,2,1,0
BRDA:35,3,0,0
BRDA:35,3,1,0
BRDA:35,4,0,0
BRDA:35,4,1,0
BRDA:46,5,0,0
BRDA:46,5,1,0
BRDA:56,6,0,0
BRDA:56,6,1,0
BRDA:64,7,0,0
BRDA:64,7,1,0
BRDA:71,8,0,0
BRDA:71,8,1,0
BRDA:71,9,0,0
BRDA:71,9,1,0
BRDA:76,10,0,0
BRDA:76,10,1,0
BRDA:80,11,0,0
BRDA:80,11,1,0
BRF:24
BRH:0
end_of_record
TN:
SF:src/app/api/admin/roadmaps/route.ts
FN:36,GET
FNF:1
FNH:0
FNDA:0,GET
DA:1,0
DA:11,0
DA:12,0
DA:13,0
DA:15,0
DA:16,0
DA:36,0
DA:37,0
DA:39,0
DA:40,0
DA:41,0
DA:47,0
DA:48,0
DA:54,0
DA:55,0
DA:56,0
DA:59,0
DA:65,0
DA:66,0
DA:74,0
DA:75,0
DA:78,0
DA:79,0
DA:80,0
DA:86,0
DA:87,0
DA:88,0
DA:89,0
DA:90,0
DA:96,0
DA:100,0
DA:107,0
DA:108,0
DA:115,0
DA:118,0
DA:123,0
DA:125,0
DA:126,0
LF:38
LH:0
BRDA:40,0,0,0
BRDA:40,0,1,0
BRDA:40,1,0,0
BRDA:40,1,1,0
BRDA:47,2,0,0
BRDA:47,2,1,0
BRDA:56,3,0,0
BRDA:56,3,1,0
BRDA:65,4,0,0
BRDA:65,4,1,0
BRDA:65,5,0,0
BRDA:65,5,1,0
BRDA:88,6,0,0
BRDA:88,6,1,0
BRDA:107,7,0,0
BRDA:107,7,1,0
BRDA:107,8,0,0
BRDA:107,8,1,0
BRF:18
BRH:0
end_of_record
TN:
SF:src/app/api/admin/roadmaps/[id]/route.ts
FN:10,PATCH
FNF:1
FNH:0
FNDA:0,PATCH
DA:1,0
DA:2,0
DA:3,0
DA:4,0
DA:6,0
DA:7,0
DA:10,0
DA:14,0
DA:16,0
DA:17,0
DA:18,0
DA:24,0
DA:25,0
DA:31,0
DA:32,0
DA:33,0
DA:35,0
DA:36,0
DA:43,0
DA:44,0
DA:46,0
DA:47,0
DA:54,0
DA:55,0
DA:62,0
DA:63,0
DA:66,0
DA:68,0
DA:73,0
DA:75,0
DA:76,0
LF:31
LH:0
BRDA:17,0,0,0
BRDA:17,0,1,0
BRDA:17,1,0,0
BRDA:17,1,1,0
BRDA:24,2,0,0
BRDA:24,2,1,0
BRDA:35,3,0,0
BRDA:35,3,1,0
BRDA:35,4,0,0
BRDA:35,4,1,0
BRDA:46,5,0,0
BRDA:46,5,1,0
BRDA:54,6,0,0
BRDA:54,6,1,0
BRDA:62,7,0,0
BRDA:62,7,1,0
BRF:16
BRH:0
end_of_record
TN:
SF:src/app/api/admin/stats/route.ts
FN:32,GET
FNF:1
FNH:0
FNDA:0,GET
DA:1,0
DA:10,0
DA:11,0
DA:12,0
DA:14,0
DA:15,0
DA:32,0
DA:33,0
DA:35,0
DA:36,0
DA:37,0
DA:43,0
DA:44,0
DA:51,0
DA:52,0
DA:53,0
DA:56,0
DA:57,0
DA:60,0
DA:64,0
DA:65,0
DA:68,0
DA:72,0
DA:73,0
DA:76,0
DA:77,0
DA:80,0
DA:84,0
DA:85,0
DA:88,0
DA:92,0
DA:93,0
DA:96,0
DA:97,0
DA:100,0
DA:104,0
DA:105,0
DA:108,0
DA:112,0
DA:113,0
DA:115,0
DA:129,0
DA:134,0
DA:136,0
DA:137,0
LF:45
LH:0
BRDA:36,0,0,0
BRDA:36,0,1,0
BRDA:36,1,0,0
BRDA:36,1,1,0
BRDA:43,2,0,0
BRDA:43,2,1,0
BRF:6
BRH:0
end_of_record
TN:
SF:src/app/api/admin/users/route.ts
FN:25,GET
FN:65,(anonymous_2)
FN:73,(anonymous_3)
FN:102,(anonymous_4)
FN:103,(anonymous_5)
FN:112,(anonymous_6)
FN:113,(anonymous_7)
FNF:7
FNH:0
FNDA:0,GET
FNDA:0,(anonymous_2)
FNDA:0,(anonymous_3)
FNDA:0,(anonymous_4)
FNDA:0,(anonymous_5)
FNDA:0,(anonymous_6)
FNDA:0,(anonymous_7)
DA:1,0
DA:9,0
DA:10,0
DA:11,0
DA:13,0
DA:14,0
DA:25,0
DA:26,0
DA:28,0
DA:29,0
DA:30,0
DA:36,0
DA:37,0
DA:43,0
DA:44,0
DA:45,0
DA:46,0
DA:49,0
DA:55,0
DA:56,0
DA:64,0
DA:65,0
DA:71,0
DA:72,0
DA:73,0
DA:74,0
DA:79,0
DA:80,0
DA:82,0
DA:86,0
DA:87,0
DA:90,0
DA:94,0
DA:95,0
DA:98,0
DA:100,0
DA:101,0
DA:102,0
DA:103,0
DA:105,0
DA:106,0
DA:110,0
DA:111,0
DA:112,0
DA:113,0
DA:115,0
DA:116,0
DA:120,0
DA:126,0
DA:127,0
DA:135,0
DA:140,0
DA:142,0
DA:143,0
LF:54
LH:0
BRDA:29,0,0,0
BRDA:29,0,1,0
BRDA:29,1,0,0
BRDA:29,1,1,0
BRDA:36,2,0,0
BRDA:36,2,1,0
BRDA:46,3,0,0
BRDA:46,3,1,0
BRDA:55,4,0,0
BRDA:55,4,1,0
BRDA:55,5,0,0
BRDA:55,5,1,0
BRDA:71,6,0,0
BRDA:71,6,1,0
BRDA:100,7,0,0
BRDA:100,7,1,0
BRDA:105,8,0,0
BRDA:105,8,1,0
BRDA:110,9,0,0
BRDA:110,9,1,0
BRDA:115,10,0,0
BRDA:115,10,1,0
BRF:22
BRH:0
end_of_record
TN:
SF:src/app/api/admin/users/[id]/route.ts
FN:10,PATCH
FNF:1
FNH:0
FNDA:0,PATCH
DA:1,0
DA:2,0
DA:3,0
DA:4,0
DA:6,0
DA:7,0
DA:10,0
DA:14,0
DA:16,0
DA:17,0
DA:18,0
DA:24,0
DA:25,0
DA:31,0
DA:32,0
DA:33,0
DA:35,0
DA:36,0
DA:43,0
DA:44,0
DA:46,0
DA:47,0
DA:53,0
DA:56,0
DA:57,0
DA:66,0
DA:68,0
DA:69,0
DA:72,0
DA:73,0
DA:75,0
DA:76,0
DA:78,0
DA:83,0
DA:85,0
DA:86,0
DA:88,0
DA:93,0
DA:95,0
DA:102,0
DA:110,0
DA:111,0
DA:114,0
DA:116,0
DA:121,0
DA:123,0
DA:124,0
LF:47
LH:0
BRDA:17,0,0,0
BRDA:17,0,1,0
BRDA:17,1,0,0
BRDA:17,1,1,0
BRDA:24,2,0,0
BRDA:24,2,1,0
BRDA:35,3,0,0
BRDA:35,3,1,0
BRDA:35,4,0,0
BRDA:35,4,1,0
BRDA:46,5,0,0
BRDA:46,5,1,0
BRDA:56,6,0,0
BRDA:56,6,1,0
BRDA:56,7,0,0
BRDA:56,7,1,0
BRDA:66,8,0,0
BRDA:66,8,1,0
BRDA:66,8,2,0
BRDA:66,8,3,0
BRDA:66,8,4,0
BRDA:72,9,0,0
BRDA:72,9,1,0
BRDA:75,10,0,0
BRDA:75,10,1,0
BRDA:75,11,0,0
BRDA:75,11,1,0
BRDA:85,12,0,0
BRDA:85,12,1,0
BRDA:110,13,0,0
BRDA:110,13,1,0
BRF:31
BRH:0
end_of_record
TN:
SF:src/app/api/auth/create-token/route.ts
FN:22,POST
FNF:1
FNH:0
FNDA:0,POST
DA:1,0
DA:2,0
DA:3,0
DA:5,0
DA:8,0
DA:9,0
DA:10,0
DA:18,0
DA:22,0
DA:23,0
DA:25,0
DA:26,0
DA:32,0
DA:33,0
DA:35,0
DA:36,0
DA:43,0
DA:46,0
DA:55,0
DA:56,0
DA:58,0
DA:60,0
DA:67,0
DA:72,0
DA:74,0
DA:77,0
DA:78,0
LF:27
LH:0
BRDA:8,0,0,0
BRDA:8,0,1,0
BRDA:8,1,0,0
BRDA:8,1,1,0
BRDA:8,1,2,0
BRDA:25,2,0,0
BRDA:25,2,1,0
BRDA:35,3,0,0
BRDA:35,3,1,0
BRDA:35,4,0,0
BRDA:35,4,1,0
BRDA:50,5,0,0
BRDA:50,5,1,0
BRDA:58,6,0,0
BRDA:58,6,1,0
BRDA:63,7,0,0
BRDA:63,7,1,0
BRDA:63,7,2,0
BRF:18
BRH:0
end_of_record
TN:
SF:src/app/api/categories/stats/route.ts
FN:22,GET
FN:56,(anonymous_2)
FN:72,(anonymous_3)
FN:85,(anonymous_4)
FN:90,(anonymous_5)
FN:101,(anonymous_6)
FN:110,(anonymous_7)
FN:115,(anonymous_8)
FNF:8
FNH:0
FNDA:0,GET
FNDA:0,(anonymous_2)
FNDA:0,(anonymous_3)
FNDA:0,(anonymous_4)
FNDA:0,(anonymous_5)
FNDA:0,(anonymous_6)
FNDA:0,(anonymous_7)
FNDA:0,(anonymous_8)
DA:1,0
DA:11,0
DA:12,0
DA:13,0
DA:15,0
DA:18,0
DA:19,0
DA:22,0
DA:23,0
DA:24,0
DA:25,0
DA:26,0
DA:28,0
DA:29,0
DA:32,0
DA:33,0
DA:37,0
DA:40,0
DA:42,0
DA:51,0
DA:52,0
DA:53,0
DA:56,0
DA:59,0
DA:60,0
DA:61,0
DA:62,0
DA:63,0
DA:64,0
DA:67,0
DA:72,0
DA:73,0
DA:74,0
DA:76,0
DA:77,0
DA:78,0
DA:79,0
DA:84,0
DA:85,0
DA:90,0
DA:93,0
DA:95,0
DA:96,0
DA:98,0
DA:99,0
DA:101,0
DA:102,0
DA:103,0
DA:104,0
DA:105,0
DA:109,0
DA:110,0
DA:115,0
DA:120,0
DA:122,0
DA:127,0
DA:129,0
DA:130,0
LF:58
LH:0
BRDA:25,0,0,0
BRDA:25,0,1,0
BRDA:26,1,0,0
BRDA:26,1,1,0
BRDA:32,2,0,0
BRDA:32,2,1,0
BRDA:32,3,0,0
BRDA:32,3,1,0
BRDA:42,4,0,0
BRDA:42,4,1,0
BRDA:63,5,0,0
BRDA:63,5,1,0
BRDA:76,6,0,0
BRDA:76,6,1,0
BRDA:77,7,0,0
BRDA:77,7,1,0
BRDA:78,8,0,0
BRDA:78,8,1,0
BRDA:88,9,0,0
BRDA:88,9,1,0
BRDA:93,10,0,0
BRDA:93,10,1,0
BRDA:103,11,0,0
BRDA:103,11,1,0
BRDA:104,12,0,0
BRDA:104,12,1,0
BRDA:113,13,0,0
BRDA:113,13,1,0
BRF:28
BRH:0
end_of_record
TN:
SF:src/app/api/comments/route.ts
FN:19,GET
FN:41,(anonymous_4)
FN:62,POST
FNF:3
FNH:0
FNDA:0,GET
FNDA:0,(anonymous_4)
FNDA:0,POST
DA:1,0
DA:2,0
DA:11,0
DA:12,0
DA:13,0
DA:16,0
DA:19,0
DA:20,0
DA:21,0
DA:22,0
DA:23,0
DA:25,0
DA:26,0
DA:32,0
DA:33,0
DA:40,0
DA:41,0
DA:46,0
DA:51,0
DA:53,0
DA:54,0
DA:62,0
DA:63,0
DA:65,0
DA:66,0
DA:72,0
DA:73,0
DA:74,0
DA:80,0
DA:81,0
DA:82,0
DA:84,0
DA:86,0
DA:87,0
DA:94,0
DA:103,0
DA:104,0
DA:110,0
DA:115,0
DA:120,0
DA:122,0
DA:123,0
LF:42
LH:0
BRDA:23,0,0,0
BRDA:23,0,1,0
BRDA:25,1,0,0
BRDA:25,1,1,0
BRDA:65,2,0,0
BRDA:65,2,1,0
BRDA:73,3,0,0
BRDA:73,3,1,0
BRDA:86,4,0,0
BRDA:86,4,1,0
BRDA:86,5,0,0
BRDA:86,5,1,0
BRF:12
BRH:0
end_of_record
TN:
SF:src/app/api/comments/[id]/route.ts
FN:11,GET
FN:43,PUT
FN:134,DELETE
FNF:3
FNH:0
FNDA:0,GET
FNDA:0,PUT
FNDA:0,DELETE
DA:1,0
DA:2,0
DA:3,0
DA:4,0
DA:5,0
DA:6,0
DA:8,0
DA:11,0
DA:12,0
DA:13,0
DA:15,0
DA:16,0
DA:18,0
DA:19,0
DA:25,0
DA:27,0
DA:32,0
DA:34,0
DA:35,0
DA:43,0
DA:44,0
DA:46,0
DA:47,0
DA:53,0
DA:54,0
DA:55,0
DA:61,0
DA:62,0
DA:63,0
DA:65,0
DA:66,0
DA:68,0
DA:69,0
DA:71,0
DA:72,0
DA:78,0
DA:81,0
DA:82,0
DA:83,0
DA:85,0
DA:86,0
DA:88,0
DA:89,0
DA:96,0
DA:101,0
DA:102,0
DA:104,0
DA:108,0
DA:109,0
DA:112,0
DA:115,0
DA:116,0
DA:118,0
DA:123,0
DA:125,0
DA:126,0
DA:134,0
DA:135,0
DA:137,0
DA:138,0
DA:144,0
DA:145,0
DA:146,0
DA:152,0
DA:153,0
DA:154,0
DA:156,0
DA:158,0
DA:159,0
DA:161,0
DA:162,0
DA:168,0
DA:171,0
DA:172,0
DA:173,0
DA:175,0
DA:176,0
DA:178,0
DA:179,0
DA:186,0
DA:191,0
DA:196,0
DA:198,0
DA:199,0
LF:84
LH:0
BRDA:18,0,0,0
BRDA:18,0,1,0
BRDA:46,1,0,0
BRDA:46,1,1,0
BRDA:54,2,0,0
BRDA:54,2,1,0
BRDA:71,3,0,0
BRDA:71,3,1,0
BRDA:83,4,0,0
BRDA:83,4,1,0
BRDA:88,5,0,0
BRDA:88,5,1,0
BRDA:88,6,0,0
BRDA:88,6,1,0
BRDA:101,7,0,0
BRDA:101,7,1,0
BRDA:101,8,0,0
BRDA:101,8,1,0
BRDA:108,9,0,0
BRDA:108,9,1,0
BRDA:108,10,0,0
BRDA:108,10,1,0
BRDA:137,11,0,0
BRDA:137,11,1,0
BRDA:145,12,0,0
BRDA:145,12,1,0
BRDA:161,13,0,0
BRDA:161,13,1,0
BRDA:173,14,0,0
BRDA:173,14,1,0
BRDA:178,15,0,0
BRDA:178,15,1,0
BRDA:178,16,0,0
BRDA:178,16,1,0
BRF:34
BRH:0
end_of_record
TN:
SF:src/app/api/courses/route.ts
FN:25,GET
FN:78,(anonymous_4)
FN:111,POST
FNF:3
FNH:0
FNDA:0,GET
FNDA:0,(anonymous_4)
FNDA:0,POST
DA:1,0
DA:16,0
DA:17,0
DA:19,0
DA:21,0
DA:22,0
DA:25,0
DA:26,0
DA:27,0
DA:28,0
DA:29,0
DA:30,0
DA:31,0
DA:32,0
DA:33,0
DA:34,0
DA:37,0
DA:42,0
DA:43,0
DA:46,0
DA:47,0
DA:51,0
DA:54,0
DA:62,0
DA:68,0
DA:69,0
DA:72,0
DA:74,0
DA:77,0
DA:78,0
DA:81,0
DA:82,0
DA:83,0
DA:84,0
DA:86,0
DA:100,0
DA:102,0
DA:103,0
DA:111,0
DA:112,0
DA:113,0
DA:115,0
DA:116,0
DA:123,0
DA:129,0
DA:131,0
DA:133,0
DA:134,0
DA:141,0
DA:145,0
DA:154,0
DA:159,0
DA:164,0
DA:169,0
DA:171,0
DA:172,0
LF:56
LH:0
BRDA:28,0,0,0
BRDA:28,0,1,0
BRDA:29,1,0,0
BRDA:29,1,1,0
BRDA:33,2,0,0
BRDA:33,2,1,0
BRDA:34,3,0,0
BRDA:34,3,1,0
BRDA:42,4,0,0
BRDA:42,4,1,0
BRDA:46,5,0,0
BRDA:46,5,1,0
BRDA:51,6,0,0
BRDA:51,6,1,0
BRDA:69,7,0,0
BRDA:69,7,1,0
BRDA:115,8,0,0
BRDA:115,8,1,0
BRDA:115,9,0,0
BRDA:115,9,1,0
BRDA:131,10,0,0
BRDA:131,10,1,0
BRF:22
BRH:0
end_of_record
TN:
SF:src/app/api/courses/[id]/route.ts
FN:9,GET
FN:49,PUT
FNF:2
FNH:0
FNDA:0,GET
FNDA:0,PUT
DA:1,0
DA:2,0
DA:3,0
DA:4,0
DA:6,0
DA:9,0
DA:10,0
DA:11,0
DA:13,0
DA:14,0
DA:16,0
DA:17,0
DA:23,0
DA:26,0
DA:30,0
DA:38,0
DA:40,0
DA:41,0
DA:49,0
DA:50,0
DA:51,0
DA:52,0
DA:53,0
DA:61,0
DA:62,0
DA:64,0
DA:65,0
DA:67,0
DA:68,0
DA:74,0
DA:75,0
DA:76,0
DA:77,0
DA:78,0
DA:80,0
DA:83,0
DA:84,0
DA:86,0
DA:91,0
DA:93,0
DA:94,0
LF:41
LH:0
BRDA:16,0,0,0
BRDA:16,0,1,0
BRDA:52,1,0,0
BRDA:52,1,1,0
BRDA:67,2,0,0
BRDA:67,2,1,0
BRDA:75,3,0,0
BRDA:75,3,1,0
BRDA:76,4,0,0
BRDA:76,4,1,0
BRDA:77,5,0,0
BRDA:77,5,1,0
BRDA:78,6,0,0
BRDA:78,6,1,0
BRF:14
BRH:0
end_of_record
TN:
SF:src/app/api/cron/cleanup-expired-summaries/route.ts
FN:19,GET
FN:46,(anonymous_2)
FNF:2
FNH:0
FNDA:0,GET
FNDA:0,(anonymous_2)
DA:1,0
DA:2,0
DA:3,0
DA:4,0
DA:7,0
DA:8,0
DA:17,0
DA:19,0
DA:21,0
DA:22,0
DA:23,0
DA:26,0
DA:27,0
DA:29,0
DA:30,0
DA:34,0
DA:36,0
DA:37,0
DA:38,0
DA:45,0
DA:46,0
DA:47,0
DA:50,0
DA:52,0
DA:53,0
DA:56,0
DA:68,0
DA:74,0
DA:77,0
DA:89,0
LF:30
LH:0
BRDA:7,0,0,0
BRDA:7,0,1,0
BRDA:22,1,0,0
BRDA:22,1,1,0
BRDA:36,2,0,0
BRDA:36,2,1,0
BRDA:83,3,0,0
BRDA:83,3,1,0
BRDA:92,4,0,0
BRDA:92,4,1,0
BRF:10
BRH:0
end_of_record
TN:
SF:src/app/api/cron/generate-daily-summaries/route.ts
FN:23,GET
FN:62,(anonymous_3)
FN:93,(anonymous_4)
FNF:3
FNH:0
FNDA:0,GET
FNDA:0,(anonymous_3)
FNDA:0,(anonymous_4)
DA:1,0
DA:2,0
DA:3,0
DA:4,0
DA:5,0
DA:8,0
DA:9,0
DA:18,0
DA:19,0
DA:23,0
DA:25,0
DA:26,0
DA:27,0
DA:30,0
DA:31,0
DA:34,0
DA:35,0
DA:37,0
DA:44,0
DA:46,0
DA:47,0
DA:48,0
DA:55,0
DA:57,0
DA:60,0
DA:61,0
DA:62,0
DA:63,0
DA:64,0
DA:67,0
DA:83,0
DA:84,0
DA:87,0
DA:93,0
DA:94,0
DA:95,0
DA:97,0
DA:106,0
DA:109,0
DA:123,0
DA:131,0
DA:134,0
DA:146,0
LF:43
LH:0
BRDA:8,0,0,0
BRDA:8,0,1,0
BRDA:19,1,0,0
BRDA:19,1,1,0
BRDA:26,2,0,0
BRDA:26,2,1,0
BRDA:46,3,0,0
BRDA:46,3,1,0
BRDA:60,4,0,0
BRDA:60,4,1,0
BRDA:64,5,0,0
BRDA:64,5,1,0
BRDA:83,6,0,0
BRDA:83,6,1,0
BRDA:140,7,0,0
BRDA:140,7,1,0
BRDA:149,8,0,0
BRDA:149,8,1,0
BRF:18
BRH:0
end_of_record
TN:
SF:src/app/api/example-enhanced/route.ts
FN:15,(anonymous_5)
FN:35,(anonymous_6)
FN:73,(anonymous_7)
FN:94,(anonymous_8)
FNF:4
FNH:0
FNDA:0,(anonymous_5)
FNDA:0,(anonymous_6)
FNDA:0,(anonymous_7)
FNDA:0,(anonymous_8)
DA:2,0
DA:11,0
DA:12,0
DA:15,0
DA:16,0
DA:17,0
DA:20,0
DA:31,0
DA:35,0
DA:37,0
DA:38,0
DA:41,0
DA:42,0
DA:45,0
DA:46,0
DA:49,0
DA:52,0
DA:53,0
DA:56,0
DA:57,0
DA:61,0
DA:69,0
DA:73,0
DA:74,0
DA:75,0
DA:77,0
DA:78,0
DA:80,0
DA:81,0
DA:84,0
DA:90,0
DA:94,0
DA:95,0
DA:96,0
DA:98,0
DA:99,0
DA:101,0
DA:102,0
DA:104,0
DA:105,0
DA:109,0
LF:41
LH:0
BRDA:52,0,0,0
BRDA:52,0,1,0
BRDA:56,1,0,0
BRDA:56,1,1,0
BRDA:104,2,0,0
BRDA:104,2,1,0
BRF:6
BRH:0
end_of_record
TN:
SF:src/app/api/health/route.ts
FN:36,GET
FN:104,(anonymous_4)
FN:119,HEAD
FNF:3
FNH:0
FNDA:0,GET
FNDA:0,(anonymous_4)
FNDA:0,HEAD
DA:1,0
DA:2,0
DA:3,0
DA:4,0
DA:7,0
DA:8,0
DA:17,0
DA:36,0
DA:37,0
DA:39,0
DA:53,0
DA:54,0
DA:58,0
DA:60,0
DA:61,0
DA:62,0
DA:66,0
DA:67,0
DA:69,0
DA:71,0
DA:72,0
DA:77,0
DA:78,0
DA:79,0
DA:81,0
DA:82,0
DA:83,0
DA:84,0
DA:85,0
DA:86,0
DA:87,0
DA:91,0
DA:98,0
DA:104,0
DA:105,0
DA:106,0
DA:107,0
DA:108,0
DA:112,0
DA:115,0
DA:119,0
DA:120,0
LF:42
LH:0
BRDA:7,0,0,0
BRDA:7,0,1,0
BRDA:42,1,0,0
BRDA:42,1,1,0
BRDA:66,2,0,0
BRDA:66,2,1,0
BRDA:77,3,0,0
BRDA:77,3,1,0
BRDA:77,4,0,0
BRDA:77,4,1,0
BRDA:81,5,0,0
BRDA:81,5,1,0
BRDA:84,6,0,0
BRDA:84,6,1,0
BRDA:86,7,0,0
BRDA:86,7,1,0
BRDA:105,8,0,0
BRDA:105,8,1,0
BRDA:112,9,0,0
BRDA:112,9,1,0
BRDA:113,10,0,0
BRDA:113,10,1,0
BRF:22
BRH:0
end_of_record
TN:
SF:src/app/api/logs/route.ts
FN:20,POST
FN:63,GET
FN:98,(anonymous_5)
FNF:3
FNH:0
FNDA:0,POST
FNDA:0,GET
FNDA:0,(anonymous_5)
DA:1,0
DA:2,0
DA:3,0
DA:4,0
DA:5,0
DA:8,0
DA:9,0
DA:18,0
DA:20,0
DA:21,0
DA:22,0
DA:25,0
DA:26,0
DA:33,0
DA:34,0
DA:37,0
DA:38,0
DA:45,0
DA:47,0
DA:50,0
DA:53,0
DA:55,0
DA:56,0
DA:63,0
DA:64,0
DA:66,0
DA:68,0
DA:69,0
DA:75,0
DA:77,0
DA:78,0
DA:81,0
DA:82,0
DA:84,0
DA:85,0
DA:92,0
DA:97,0
DA:98,0
DA:103,0
DA:105,0
DA:111,0
DA:112,0
LF:42
LH:0
BRDA:8,0,0,0
BRDA:8,0,1,0
BRDA:25,1,0,0
BRDA:25,1,1,0
BRDA:25,2,0,0
BRDA:25,2,1,0
BRDA:25,2,2,0
BRDA:37,3,0,0
BRDA:37,3,1,0
BRDA:45,4,0,0
BRDA:45,4,1,0
BRDA:68,5,0,0
BRDA:68,5,1,0
BRDA:68,6,0,0
BRDA:68,6,1,0
BRDA:84,7,0,0
BRDA:84,7,1,0
BRDA:84,8,0,0
BRDA:84,8,1,0
BRF:19
BRH:0
end_of_record
TN:
SF:src/app/api/reviews/route.ts
FN:24,GET
FN:63,(anonymous_4)
FN:99,POST
FNF:3
FNH:0
FNDA:0,GET
FNDA:0,(anonymous_4)
FNDA:0,POST
DA:1,0
DA:2,0
DA:13,0
DA:14,0
DA:16,0
DA:17,0
DA:18,0
DA:20,0
DA:21,0
DA:24,0
DA:25,0
DA:26,0
DA:27,0
DA:28,0
DA:29,0
DA:30,0
DA:31,0
DA:32,0
DA:33,0
DA:36,0
DA:41,0
DA:42,0
DA:45,0
DA:46,0
DA:49,0
DA:50,0
DA:54,0
DA:60,0
DA:62,0
DA:63,0
DA:66,0
DA:70,0
DA:71,0
DA:72,0
DA:74,0
DA:88,0
DA:90,0
DA:91,0
DA:99,0
DA:100,0
DA:101,0
DA:102,0
DA:103,0
DA:109,0
DA:110,0
DA:111,0
DA:125,0
DA:128,0
DA:129,0
DA:135,0
DA:136,0
DA:142,0
DA:143,0
DA:150,0
DA:157,0
DA:158,0
DA:165,0
DA:180,0
DA:186,0
DA:190,0
DA:192,0
DA:193,0
DA:196,0
DA:201,0
DA:206,0
DA:208,0
DA:209,0
LF:67
LH:0
BRDA:27,0,0,0
BRDA:27,0,1,0
BRDA:28,1,0,0
BRDA:28,1,1,0
BRDA:29,2,0,0
BRDA:29,2,1,0
BRDA:32,3,0,0
BRDA:32,3,1,0
BRDA:33,4,0,0
BRDA:33,4,1,0
BRDA:41,5,0,0
BRDA:41,5,1,0
BRDA:45,6,0,0
BRDA:45,6,1,0
BRDA:49,7,0,0
BRDA:49,7,1,0
BRDA:102,8,0,0
BRDA:102,8,1,0
BRDA:128,9,0,0
BRDA:128,9,1,0
BRDA:128,10,0,0
BRDA:128,10,1,0
BRDA:128,10,2,0
BRDA:128,10,3,0
BRDA:135,11,0,0
BRDA:135,11,1,0
BRDA:135,12,0,0
BRDA:135,12,1,0
BRDA:142,13,0,0
BRDA:142,13,1,0
BRDA:157,14,0,0
BRDA:157,14,1,0
BRDA:171,15,0,0
BRDA:171,15,1,0
BRDA:192,16,0,0
BRDA:192,16,1,0
BRF:36
BRH:0
end_of_record
TN:
SF:src/app/api/reviews/[id]/route.ts
FN:10,GET
FN:94,PUT
FN:188,DELETE
FNF:3
FNH:0
FNDA:0,GET
FNDA:0,PUT
FNDA:0,DELETE
DA:1,0
DA:2,0
DA:3,0
DA:4,0
DA:5,0
DA:7,0
DA:10,0
DA:11,0
DA:12,0
DA:14,0
DA:15,0
DA:17,0
DA:18,0
DA:24,0
DA:27,0
DA:28,0
DA:29,0
DA:32,0
DA:33,0
DA:34,0
DA:37,0
DA:38,0
DA:40,0
DA:41,0
DA:42,0
DA:43,0
DA:44,0
DA:47,0
DA:48,0
DA:52,0
DA:53,0
DA:54,0
DA:62,0
DA:78,0
DA:83,0
DA:85,0
DA:86,0
DA:94,0
DA:95,0
DA:96,0
DA:97,0
DA:98,0
DA:104,0
DA:105,0
DA:106,0
DA:108,0
DA:109,0
DA:111,0
DA:112,0
DA:114,0
DA:115,0
DA:121,0
DA:124,0
DA:125,0
DA:126,0
DA:128,0
DA:129,0
DA:131,0
DA:132,0
DA:139,0
DA:144,0
DA:145,0
DA:146,0
DA:147,0
DA:148,0
DA:149,0
DA:150,0
DA:151,0
DA:152,0
DA:156,0
DA:157,0
DA:162,0
DA:163,0
DA:166,0
DA:169,0
DA:170,0
DA:172,0
DA:177,0
DA:179,0
DA:180,0
DA:188,0
DA:189,0
DA:190,0
DA:191,0
DA:192,0
DA:198,0
DA:199,0
DA:200,0
DA:202,0
DA:204,0
DA:205,0
DA:207,0
DA:208,0
DA:214,0
DA:217,0
DA:218,0
DA:219,0
DA:221,0
DA:222,0
DA:224,0
DA:225,0
DA:232,0
DA:237,0
DA:242,0
DA:244,0
DA:245,0
LF:106
LH:0
BRDA:17,0,0,0
BRDA:17,0,1,0
BRDA:29,1,0,0
BRDA:29,1,1,0
BRDA:34,2,0,0
BRDA:34,2,1,0
BRDA:40,3,0,0
BRDA:40,3,1,0
BRDA:47,4,0,0
BRDA:47,4,1,0
BRDA:53,5,0,0
BRDA:53,5,1,0
BRDA:53,6,0,0
BRDA:53,6,1,0
BRDA:65,7,0,0
BRDA:65,7,1,0
BRDA:70,8,0,0
BRDA:70,8,1,0
BRDA:97,9,0,0
BRDA:97,9,1,0
BRDA:114,10,0,0
BRDA:114,10,1,0
BRDA:126,11,0,0
BRDA:126,11,1,0
BRDA:131,12,0,0
BRDA:131,12,1,0
BRDA:131,13,0,0
BRDA:131,13,1,0
BRDA:144,14,0,0
BRDA:144,14,1,0
BRDA:145,15,0,0
BRDA:145,15,1,0
BRDA:146,16,0,0
BRDA:146,16,1,0
BRDA:147,17,0,0
BRDA:147,17,1,0
BRDA:148,18,0,0
BRDA:148,18,1,0
BRDA:149,19,0,0
BRDA:149,19,1,0
BRDA:150,20,0,0
BRDA:150,20,1,0
BRDA:151,21,0,0
BRDA:151,21,1,0
BRDA:152,22,0,0
BRDA:152,22,1,0
BRDA:156,23,0,0
BRDA:156,23,1,0
BRDA:156,24,0,0
BRDA:156,24,1,0
BRDA:162,25,0,0
BRDA:162,25,1,0
BRDA:162,26,0,0
BRDA:162,26,1,0
BRDA:191,27,0,0
BRDA:191,27,1,0
BRDA:207,28,0,0
BRDA:207,28,1,0
BRDA:219,29,0,0
BRDA:219,29,1,0
BRDA:224,30,0,0
BRDA:224,30,1,0
BRDA:224,31,0,0
BRDA:224,31,1,0
BRF:64
BRH:0
end_of_record
TN:
SF:src/app/api/roadmaps/route.ts
FN:20,GET
FN:47,(anonymous_4)
FN:68,POST
FNF:3
FNH:0
FNDA:0,GET
FNDA:0,(anonymous_4)
FNDA:0,POST
DA:1,0
DA:2,0
DA:12,0
DA:13,0
DA:14,0
DA:17,0
DA:20,0
DA:21,0
DA:22,0
DA:23,0
DA:24,0
DA:25,0
DA:27,0
DA:28,0
DA:36,0
DA:37,0
DA:46,0
DA:47,0
DA:52,0
DA:57,0
DA:59,0
DA:60,0
DA:68,0
DA:69,0
DA:71,0
DA:72,0
DA:78,0
DA:79,0
DA:80,0
DA:86,0
DA:87,0
DA:88,0
DA:98,0
DA:101,0
DA:102,0
DA:109,0
DA:123,0
DA:124,0
DA:129,0
DA:134,0
DA:139,0
DA:141,0
DA:142,0
LF:43
LH:0
BRDA:23,0,0,0
BRDA:23,0,1,0
BRDA:24,1,0,0
BRDA:24,1,1,0
BRDA:36,2,0,0
BRDA:36,2,1,0
BRDA:71,3,0,0
BRDA:71,3,1,0
BRDA:79,4,0,0
BRDA:79,4,1,0
BRDA:101,5,0,0
BRDA:101,5,1,0
BRDA:101,6,0,0
BRDA:101,6,1,0
BRDA:101,6,2,0
BRDA:101,6,3,0
BRF:16
BRH:0
end_of_record
TN:
SF:src/app/api/roadmaps/[id]/route.ts
FN:11,GET
FN:98,PUT
FN:202,DELETE
FNF:3
FNH:0
FNDA:0,GET
FNDA:0,PUT
FNDA:0,DELETE
DA:1,0
DA:2,0
DA:3,0
DA:4,0
DA:5,0
DA:6,0
DA:8,0
DA:11,0
DA:12,0
DA:13,0
DA:15,0
DA:16,0
DA:18,0
DA:19,0
DA:25,0
DA:28,0
DA:29,0
DA:30,0
DA:33,0
DA:34,0
DA:36,0
DA:37,0
DA:38,0
DA:39,0
DA:40,0
DA:43,0
DA:44,0
DA:48,0
DA:49,0
DA:50,0
DA:58,0
DA:59,0
DA:65,0
DA:82,0
DA:87,0
DA:89,0
DA:90,0
DA:98,0
DA:99,0
DA:101,0
DA:102,0
DA:108,0
DA:109,0
DA:110,0
DA:116,0
DA:117,0
DA:118,0
DA:120,0
DA:121,0
DA:123,0
DA:124,0
DA:126,0
DA:127,0
DA:133,0
DA:136,0
DA:137,0
DA:138,0
DA:140,0
DA:141,0
DA:143,0
DA:144,0
DA:151,0
DA:154,0
DA:155,0
DA:156,0
DA:157,0
DA:158,0
DA:159,0
DA:160,0
DA:162,0
DA:163,0
DA:165,0
DA:166,0
DA:170,0
DA:171,0
DA:176,0
DA:177,0
DA:180,0
DA:183,0
DA:184,0
DA:186,0
DA:191,0
DA:193,0
DA:194,0
DA:202,0
DA:203,0
DA:205,0
DA:206,0
DA:212,0
DA:213,0
DA:214,0
DA:220,0
DA:221,0
DA:222,0
DA:224,0
DA:226,0
DA:227,0
DA:229,0
DA:230,0
DA:236,0
DA:239,0
DA:240,0
DA:241,0
DA:243,0
DA:244,0
DA:246,0
DA:247,0
DA:254,0
DA:258,0
DA:263,0
DA:265,0
DA:266,0
LF:112
LH:0
BRDA:18,0,0,0
BRDA:18,0,1,0
BRDA:30,1,0,0
BRDA:30,1,1,0
BRDA:36,2,0,0
BRDA:36,2,1,0
BRDA:43,3,0,0
BRDA:43,3,1,0
BRDA:49,4,0,0
BRDA:49,4,1,0
BRDA:49,5,0,0
BRDA:49,5,1,0
BRDA:58,6,0,0
BRDA:58,6,1,0
BRDA:67,7,0,0
BRDA:67,7,1,0
BRDA:68,8,0,0
BRDA:68,8,1,0
BRDA:73,9,0,0
BRDA:73,9,1,0
BRDA:101,10,0,0
BRDA:101,10,1,0
BRDA:109,11,0,0
BRDA:109,11,1,0
BRDA:126,12,0,0
BRDA:126,12,1,0
BRDA:138,13,0,0
BRDA:138,13,1,0
BRDA:143,14,0,0
BRDA:143,14,1,0
BRDA:143,15,0,0
BRDA:143,15,1,0
BRDA:154,16,0,0
BRDA:154,16,1,0
BRDA:155,17,0,0
BRDA:155,17,1,0
BRDA:156,18,0,0
BRDA:156,18,1,0
BRDA:157,19,0,0
BRDA:157,19,1,0
BRDA:158,20,0,0
BRDA:158,20,1,0
BRDA:159,21,0,0
BRDA:159,21,1,0
BRDA:162,22,0,0
BRDA:162,22,1,0
BRDA:165,23,0,0
BRDA:165,23,1,0
BRDA:170,24,0,0
BRDA:170,24,1,0
BRDA:170,25,0,0
BRDA:170,25,1,0
BRDA:170,25,2,0
BRDA:170,25,3,0
BRDA:176,26,0,0
BRDA:176,26,1,0
BRDA:176,27,0,0
BRDA:176,27,1,0
BRDA:205,28,0,0
BRDA:205,28,1,0
BRDA:213,29,0,0
BRDA:213,29,1,0
BRDA:229,30,0,0
BRDA:229,30,1,0
BRDA:241,31,0,0
BRDA:241,31,1,0
BRDA:246,32,0,0
BRDA:246,32,1,0
BRDA:246,33,0,0
BRDA:246,33,1,0
BRF:70
BRH:0
end_of_record
TN:
SF:src/app/api/robots/route.ts
FN:3,GET
FNF:1
FNH:0
FNDA:0,GET
DA:1,0
DA:3,0
DA:4,0
DA:6,0
DA:46,0
LF:5
LH:0
BRDA:4,0,0,0
BRDA:4,0,1,0
BRF:2
BRH:0
end_of_record
TN:
SF:src/app/api/sitemap/route.ts
FN:19,GET
FN:57,(anonymous_2)
FN:66,(anonymous_3)
FNF:3
FNH:0
FNDA:0,GET
FNDA:0,(anonymous_2)
FNDA:0,(anonymous_3)
DA:1,0
DA:2,0
DA:3,0
DA:4,0
DA:7,0
DA:8,0
DA:17,0
DA:19,0
DA:20,0
DA:21,0
DA:24,0
DA:37,0
DA:58,0
DA:59,0
DA:67,0
DA:68,0
DA:77,0
DA:84,0
DA:85,0
LF:19
LH:0
BRDA:7,0,0,0
BRDA:7,0,1,0
BRDA:21,1,0,0
BRDA:21,1,1,0
BRDA:61,2,0,0
BRDA:61,2,1,0
BRDA:70,3,0,0
BRDA:70,3,1,0
BRF:8
BRH:0
end_of_record
TN:
SF:src/app/api/summaries/route.ts
FN:16,GET
FN:30,(anonymous_2)
FNF:2
FNH:0
FNDA:0,GET
FNDA:0,(anonymous_2)
DA:1,0
DA:9,0
DA:10,0
DA:13,0
DA:16,0
DA:17,0
DA:18,0
DA:19,0
DA:21,0
DA:22,0
DA:29,0
DA:30,0
DA:35,0
DA:40,0
DA:42,0
DA:43,0
LF:16
LH:0
BRDA:19,0,0,0
BRDA:19,0,1,0
BRF:2
BRH:0
end_of_record
TN:
SF:src/app/api/summaries/generate/route.ts
FN:18,POST
FN:38,(anonymous_2)
FN:51,(anonymous_3)
FN:76,(anonymous_4)
FN:79,(anonymous_5)
FN:82,(anonymous_6)
FN:85,(anonymous_7)
FN:89,(anonymous_8)
FNF:8
FNH:0
FNDA:0,POST
FNDA:0,(anonymous_2)
FNDA:0,(anonymous_3)
FNDA:0,(anonymous_4)
FNDA:0,(anonymous_5)
FNDA:0,(anonymous_6)
FNDA:0,(anonymous_7)
FNDA:0,(anonymous_8)
DA:1,0
DA:11,0
DA:12,0
DA:13,0
DA:15,0
DA:18,0
DA:19,0
DA:20,0
DA:23,0
DA:24,0
DA:32,0
DA:37,0
DA:38,0
DA:43,0
DA:44,0
DA:51,0
DA:62,0
DA:69,0
DA:76,0
DA:79,0
DA:82,0
DA:85,0
DA:89,0
DA:90,0
DA:91,0
DA:93,0
DA:100,0
DA:101,0
DA:107,0
DA:112,0
DA:117,0
DA:119,0
DA:122,0
DA:123,0
DA:124,0
DA:129,0
DA:130,0
DA:137,0
LF:38
LH:0
BRDA:20,0,0,0
BRDA:32,1,0,0
BRDA:32,1,1,0
BRDA:43,2,0,0
BRDA:43,2,1,0
BRDA:122,3,0,0
BRDA:122,3,1,0
BRDA:123,4,0,0
BRDA:123,4,1,0
BRDA:129,5,0,0
BRDA:129,5,1,0
BRF:11
BRH:0
end_of_record
TN:
SF:src/app/api/upload/route.ts
FN:11,POST
FNF:1
FNH:0
FNDA:0,POST
DA:1,0
DA:2,0
DA:3,0
DA:4,0
DA:5,0
DA:6,0
DA:8,0
DA:11,0
DA:12,0
DA:13,0
DA:14,0
DA:15,0
DA:21,0
DA:22,0
DA:23,0
DA:25,0
DA:26,0
DA:27,0
DA:29,0
DA:30,0
DA:36,0
DA:37,0
DA:44,0
DA:45,0
DA:47,0
DA:48,0
DA:54,0
DA:55,0
DA:62,0
DA:63,0
DA:64,0
DA:67,0
DA:68,0
DA:69,0
DA:74,0
DA:77,0
DA:83,0
DA:85,0
DA:93,0
DA:95,0
DA:96,0
LF:41
LH:0
BRDA:14,0,0,0
BRDA:14,0,1,0
BRDA:29,1,0,0
BRDA:29,1,1,0
BRDA:36,2,0,0
BRDA:36,2,1,0
BRDA:47,3,0,0
BRDA:47,3,1,0
BRDA:54,4,0,0
BRDA:54,4,1,0
BRF:10
BRH:0
end_of_record
TN:
SF:src/app/api/users/route.ts
FN:8,GET
FN:46,PUT
FNF:2
FNH:0
FNDA:0,GET
FNDA:0,PUT
DA:1,0
DA:2,0
DA:3,0
DA:5,0
DA:8,0
DA:9,0
DA:10,0
DA:11,0
DA:12,0
DA:18,0
DA:19,0
DA:20,0
DA:22,0
DA:23,0
DA:24,0
DA:30,0
DA:35,0
DA:37,0
DA:38,0
DA:46,0
DA:47,0
DA:48,0
DA:49,0
DA:50,0
DA:56,0
DA:57,0
DA:58,0
DA:60,0
DA:62,0
DA:63,0
DA:69,0
DA:71,0
DA:73,0
DA:78,0
DA:80,0
DA:81,0
LF:36
LH:0
BRDA:11,0,0,0
BRDA:11,0,1,0
BRDA:23,1,0,0
BRDA:23,1,1,0
BRDA:49,2,0,0
BRDA:49,2,1,0
BRDA:62,3,0,0
BRDA:62,3,1,0
BRDA:62,4,0,0
BRDA:62,4,1,0
BRDA:62,4,2,0
BRF:11
BRH:0
end_of_record
TN:
SF:src/app/api/users/me/reviews/route.ts
FN:18,GET
FN:52,(anonymous_2)
FNF:2
FNH:0
FNDA:0,GET
FNDA:0,(anonymous_2)
DA:1,0
DA:2,0
DA:10,0
DA:11,0
DA:12,0
DA:15,0
DA:18,0
DA:19,0
DA:21,0
DA:22,0
DA:28,0
DA:29,0
DA:30,0
DA:36,0
DA:37,0
DA:38,0
DA:40,0
DA:41,0
DA:43,0
DA:44,0
DA:51,0
DA:52,0
DA:57,0
DA:62,0
DA:64,0
DA:65,0
LF:26
LH:0
BRDA:21,0,0,0
BRDA:21,0,1,0
BRDA:29,1,0,0
BRDA:29,1,1,0
BRDA:41,2,0,0
BRDA:41,2,1,0
BRF:6
BRH:0
end_of_record
TN:
SF:src/app/api/users/me/roadmaps/route.ts
FN:18,GET
FN:52,(anonymous_2)
FNF:2
FNH:0
FNDA:0,GET
FNDA:0,(anonymous_2)
DA:1,0
DA:2,0
DA:10,0
DA:11,0
DA:12,0
DA:15,0
DA:18,0
DA:19,0
DA:21,0
DA:22,0
DA:28,0
DA:29,0
DA:30,0
DA:36,0
DA:37,0
DA:38,0
DA:40,0
DA:41,0
DA:43,0
DA:44,0
DA:51,0
DA:52,0
DA:57,0
DA:62,0
DA:64,0
DA:65,0
LF:26
LH:0
BRDA:21,0,0,0
BRDA:21,0,1,0
BRDA:29,1,0,0
BRDA:29,1,1,0
BRDA:41,2,0,0
BRDA:41,2,1,0
BRF:6
BRH:0
end_of_record
TN:
SF:src/app/api/users/me/stats/route.ts
FN:27,GET
FN:83,(anonymous_2)
FN:87,(anonymous_3)
FNF:3
FNH:0
FNDA:0,GET
FNDA:0,(anonymous_2)
FNDA:0,(anonymous_3)
DA:1,0
DA:2,0
DA:9,0
DA:10,0
DA:11,0
DA:13,0
DA:27,0
DA:28,0
DA:30,0
DA:31,0
DA:37,0
DA:38,0
DA:39,0
DA:45,0
DA:46,0
DA:47,0
DA:50,0
DA:51,0
DA:52,0
DA:53,0
DA:55,0
DA:62,0
DA:63,0
DA:64,0
DA:65,0
DA:67,0
DA:74,0
DA:75,0
DA:76,0
DA:79,0
DA:80,0
DA:82,0
DA:83,0
DA:84,0
DA:85,0
DA:87,0
DA:88,0
DA:89,0
DA:92,0
DA:103,0
DA:108,0
DA:110,0
DA:111,0
LF:43
LH:0
BRDA:30,0,0,0
BRDA:30,0,1,0
BRDA:38,1,0,0
BRDA:38,1,1,0
BRDA:85,2,0,0
BRDA:85,2,1,0
BRDA:89,3,0,0
BRDA:89,3,1,0
BRF:8
BRH:0
end_of_record
TN:
SF:src/app/api/users/stats/route.ts
FN:11,GET
FNF:1
FNH:0
FNDA:0,GET
DA:1,0
DA:2,0
DA:3,0
DA:4,0
DA:5,0
DA:7,0
DA:8,0
DA:11,0
DA:12,0
DA:13,0
DA:14,0
DA:15,0
DA:21,0
DA:22,0
DA:23,0
DA:25,0
DA:26,0
DA:27,0
DA:34,0
DA:38,0
DA:39,0
DA:42,0
DA:46,0
DA:47,0
DA:49,0
DA:56,0
DA:61,0
DA:63,0
DA:64,0
LF:29
LH:0
BRDA:14,0,0,0
BRDA:14,0,1,0
BRDA:26,1,0,0
BRDA:26,1,1,0
BRF:4
BRH:0
end_of_record
TN:
SF:src/app/login/page.tsx
FN:8,LoginPage
FN:19,(anonymous_2)
FN:24,(anonymous_3)
FNF:3
FNH:0
FNDA:0,LoginPage
FNDA:0,(anonymous_2)
FNDA:0,(anonymous_3)
DA:3,0
DA:4,0
DA:5,0
DA:6,0
DA:8,0
DA:9,0
DA:10,0
DA:11,0
DA:14,0
DA:15,0
DA:16,0
DA:19,0
DA:20,0
DA:24,0
DA:25,0
LF:15
LH:0
BRDA:14,0,0,0
BRDA:14,0,1,0
BRDA:41,1,0,0
BRF:3
BRH:0
end_of_record
TN:
SF:src/app/mypage/page.tsx
FN:17,MyPage
FN:23,(anonymous_3)
FN:24,(anonymous_4)
FN:100,(anonymous_5)
FN:103,(anonymous_6)
FNF:5
FNH:0
FNDA:0,MyPage
FNDA:0,(anonymous_3)
FNDA:0,(anonymous_4)
FNDA:0,(anonymous_5)
FNDA:0,(anonymous_6)
DA:3,0
DA:4,0
DA:5,0
DA:6,0
DA:7,0
DA:8,0
DA:9,0
DA:10,0
DA:11,0
DA:12,0
DA:13,0
DA:14,0
DA:15,0
DA:17,0
DA:18,0
DA:19,0
DA:20,0
DA:21,0
DA:23,0
DA:24,0
DA:25,0
DA:27,0
DA:28,0
DA:29,0
DA:30,0
DA:31,0
DA:33,0
DA:35,0
DA:39,0
DA:42,0
DA:54,0
DA:69,0
DA:101,0
DA:103,0
LF:34
LH:0
BRDA:25,0,0,0
BRDA:25,0,1,0
BRDA:42,1,0,0
BRDA:42,1,1,0
BRDA:54,2,0,0
BRDA:54,2,1,0
BRDA:83,3,0,0
BRDA:83,3,1,0
BRDA:90,4,0,0
BRDA:105,5,0,0
BRDA:105,5,1,0
BRDA:120,6,0,0
BRDA:160,7,0,0
BRDA:160,7,1,0
BRDA:161,8,0,0
BRDA:161,8,1,0
BRF:16
BRH:0
end_of_record
TN:
SF:src/app/reviews/page.tsx
FN:26,ReviewsPage
FN:52,(anonymous_6)
FN:145,(anonymous_7)
FN:151,(anonymous_8)
FN:157,(anonymous_9)
FN:164,(anonymous_10)
FN:187,(anonymous_11)
FN:191,(anonymous_12)
FN:192,(anonymous_13)
FN:196,(anonymous_14)
FN:199,(anonymous_15)
FN:200,(anonymous_16)
FN:203,(anonymous_17)
FN:232,(anonymous_18)
FN:236,(anonymous_19)
FN:243,(anonymous_20)
FN:247,(anonymous_21)
FN:254,(anonymous_22)
FN:265,(anonymous_23)
FNF:19
FNH:0
FNDA:0,ReviewsPage
FNDA:0,(anonymous_6)
FNDA:0,(anonymous_7)
FNDA:0,(anonymous_8)
FNDA:0,(anonymous_9)
FNDA:0,(anonymous_10)
FNDA:0,(anonymous_11)
FNDA:0,(anonymous_12)
FNDA:0,(anonymous_13)
FNDA:0,(anonymous_14)
FNDA:0,(anonymous_15)
FNDA:0,(anonymous_16)
FNDA:0,(anonymous_17)
FNDA:0,(anonymous_18)
FNDA:0,(anonymous_19)
FNDA:0,(anonymous_20)
FNDA:0,(anonymous_21)
FNDA:0,(anonymous_22)
FNDA:0,(anonymous_23)
DA:3,0
DA:4,0
DA:5,0
DA:6,0
DA:7,0
DA:8,0
DA:9,0
DA:10,0
DA:11,0
DA:15,0
DA:16,0
DA:26,0
DA:35,0
DA:37,0
DA:38,0
DA:39,0
DA:40,0
DA:41,0
DA:42,0
DA:45,0
DA:52,0
DA:53,0
DA:54,0
DA:56,0
DA:58,0
DA:141,0
DA:144,0
DA:145,0
DA:146,0
DA:150,0
DA:151,0
DA:152,0
DA:156,0
DA:157,0
DA:158,0
DA:162,0
DA:163,0
DA:164,0
DA:165,0
DA:171,0
DA:172,0
DA:175,0
DA:176,0
DA:177,0
DA:178,0
DA:181,0
DA:183,0
DA:187,0
DA:188,0
DA:191,0
DA:192,0
DA:193,0
DA:196,0
DA:199,0
DA:200,0
DA:203,0
DA:204,0
DA:205,0
DA:209,0
DA:232,0
DA:237,0
DA:243,0
DA:248,0
DA:254,0
DA:265,0
LF:65
LH:0
BRDA:52,0,0,0
BRDA:52,1,0,0
BRDA:144,2,0,0
BRDA:144,2,1,0
BRDA:150,3,0,0
BRDA:150,3,1,0
BRDA:156,4,0,0
BRDA:156,4,1,0
BRDA:162,5,0,0
BRDA:162,5,1,0
BRDA:165,6,0,0
BRDA:165,6,1,0
BRDA:171,7,0,0
BRDA:171,7,1,0
BRDA:171,8,0,0
BRDA:171,8,1,0
BRDA:181,9,0,0
BRDA:181,9,1,0
BRDA:204,10,0,0
BRDA:204,10,1,0
BRDA:204,11,0,0
BRDA:204,11,1,0
BRDA:209,12,0,0
BRDA:209,12,1,0
BRDA:272,13,0,0
BRDA:288,14,0,0
BRDA:288,14,1,0
BRDA:297,15,0,0
BRDA:297,15,1,0
BRDA:304,16,0,0
BRDA:304,16,1,0
BRDA:311,17,0,0
BRDA:311,17,1,0
BRDA:324,18,0,0
BRF:34
BRH:0
end_of_record
TN:
SF:src/app/reviews/[id]/page.tsx
FN:24,ReviewDetailPage
FN:35,(anonymous_6)
FN:36,(anonymous_7)
FN:81,(anonymous_8)
FN:85,(anonymous_9)
FNF:5
FNH:0
FNDA:0,ReviewDetailPage
FNDA:0,(anonymous_6)
FNDA:0,(anonymous_7)
FNDA:0,(anonymous_8)
FNDA:0,(anonymous_9)
DA:3,0
DA:4,0
DA:5,0
DA:6,0
DA:7,0
DA:8,0
DA:9,0
DA:10,0
DA:11,0
DA:14,0
DA:24,0
DA:25,0
DA:26,0
DA:27,0
DA:29,0
DA:30,0
DA:31,0
DA:33,0
DA:35,0
DA:36,0
DA:37,0
DA:39,0
DA:40,0
DA:42,0
DA:44,0
DA:45,0
DA:46,0
DA:49,0
DA:56,0
DA:57,0
DA:58,0
DA:60,0
DA:62,0
DA:65,0
DA:66,0
DA:67,0
DA:69,0
DA:72,0
DA:74,0
DA:78,0
DA:81,0
DA:82,0
DA:85,0
DA:86,0
DA:87,0
DA:90,0
DA:91,0
DA:92,0
DA:93,0
DA:96,0
DA:97,0
DA:104,0
DA:105,0
DA:106,0
DA:108,0
DA:109,0
DA:112,0
DA:116,0
DA:120,0
DA:135,0
DA:150,0
DA:151,0
LF:62
LH:0
BRDA:37,0,0,0
BRDA:37,0,1,0
BRDA:45,1,0,0
BRDA:45,1,1,0
BRDA:52,2,0,0
BRDA:52,2,1,0
BRDA:56,3,0,0
BRDA:56,3,1,0
BRDA:57,4,0,0
BRDA:57,4,1,0
BRDA:66,5,0,0
BRDA:66,5,1,0
BRDA:69,6,0,0
BRDA:69,6,1,0
BRDA:72,7,0,0
BRDA:72,7,1,0
BRDA:86,8,0,0
BRDA:86,8,1,0
BRDA:91,9,0,0
BRDA:91,9,1,0
BRDA:104,10,0,0
BRDA:104,10,1,0
BRDA:109,11,0,0
BRDA:109,11,1,0
BRDA:116,12,0,0
BRDA:116,12,1,0
BRDA:120,13,0,0
BRDA:120,13,1,0
BRDA:135,14,0,0
BRDA:135,14,1,0
BRDA:151,15,0,0
BRDA:151,15,1,0
BRDA:151,15,2,0
BRDA:166,16,0,0
BRDA:166,16,1,0
BRDA:166,16,2,0
BRDA:178,17,0,0
BRDA:178,17,1,0
BRDA:188,18,0,0
BRDA:196,19,0,0
BRDA:207,20,0,0
BRF:41
BRH:0
end_of_record
TN:
SF:src/app/roadmaps/page.tsx
FN:18,RoadmapsPage
FN:34,(anonymous_3)
FN:52,(anonymous_4)
FN:83,(anonymous_5)
FN:122,(anonymous_6)
FNF:5
FNH:0
FNDA:0,RoadmapsPage
FNDA:0,(anonymous_3)
FNDA:0,(anonymous_4)
FNDA:0,(anonymous_5)
FNDA:0,(anonymous_6)
DA:3,0
DA:4,0
DA:5,0
DA:6,0
DA:7,0
DA:8,0
DA:9,0
DA:10,0
DA:11,0
DA:12,0
DA:13,0
DA:14,0
DA:16,0
DA:18,0
DA:19,0
DA:26,0
DA:28,0
DA:29,0
DA:30,0
DA:31,0
DA:34,0
DA:35,0
DA:36,0
DA:37,0
DA:38,0
DA:43,0
DA:45,0
DA:46,0
DA:48,0
DA:52,0
DA:53,0
DA:56,0
DA:60,0
DA:83,0
DA:123,0
LF:35
LH:0
BRDA:41,0,0,0
BRDA:41,0,1,0
BRDA:56,1,0,0
BRDA:56,1,1,0
BRDA:98,2,0,0
BRDA:105,3,0,0
BRDA:120,4,0,0
BRDA:120,4,1,0
BRDA:132,5,0,0
BRDA:132,5,1,0
BRDA:139,6,0,0
BRDA:139,6,1,0
BRDA:151,7,0,0
BRDA:166,8,0,0
BRDA:166,8,1,0
BRDA:166,8,2,0
BRDA:171,9,0,0
BRDA:171,9,1,0
BRF:18
BRH:0
end_of_record
TN:
SF:src/app/roadmaps/[id]/page.tsx
FN:32,RoadmapDetailPage
FN:44,(anonymous_5)
FN:45,(anonymous_6)
FN:65,(anonymous_7)
FN:69,(anonymous_8)
FN:73,(anonymous_9)
FN:77,(anonymous_10)
FN:96,(anonymous_11)
FN:100,(anonymous_12)
FN:113,(anonymous_13)
FNF:10
FNH:0
FNDA:0,RoadmapDetailPage
FNDA:0,(anonymous_5)
FNDA:0,(anonymous_6)
FNDA:0,(anonymous_7)
FNDA:0,(anonymous_8)
FNDA:0,(anonymous_9)
FNDA:0,(anonymous_10)
FNDA:0,(anonymous_11)
FNDA:0,(anonymous_12)
FNDA:0,(anonymous_13)
DA:3,0
DA:4,0
DA:5,0
DA:6,0
DA:7,0
DA:8,0
DA:9,0
DA:10,0
DA:11,0
DA:32,0
DA:33,0
DA:34,0
DA:35,0
DA:36,0
DA:37,0
DA:38,0
DA:39,0
DA:40,0
DA:42,0
DA:44,0
DA:45,0
DA:46,0
DA:47,0
DA:48,0
DA:49,0
DA:50,0
DA:51,0
DA:53,0
DA:54,0
DA:56,0
DA:60,0
DA:61,0
DA:65,0
DA:66,0
DA:69,0
DA:70,0
DA:73,0
DA:74,0
DA:77,0
DA:78,0
DA:80,0
DA:81,0
DA:82,0
DA:83,0
DA:85,0
DA:86,0
DA:88,0
DA:89,0
DA:91,0
DA:92,0
DA:96,0
DA:97,0
DA:100,0
DA:101,0
DA:103,0
DA:105,0
DA:107,0
DA:109,0
DA:113,0
DA:114,0
DA:116,0
DA:118,0
DA:120,0
DA:122,0
DA:127,0
DA:131,0
DA:139,0
DA:152,0
LF:68
LH:0
BRDA:49,0,0,0
BRDA:49,0,1,0
BRDA:54,1,0,0
BRDA:54,1,1,0
BRDA:60,2,0,0
BRDA:60,2,1,0
BRDA:78,3,0,0
BRDA:78,3,1,0
BRDA:78,4,0,0
BRDA:78,4,1,0
BRDA:78,4,2,0
BRDA:89,5,0,0
BRDA:89,5,1,0
BRDA:101,6,0,0
BRDA:101,6,1,0
BRDA:101,6,2,0
BRDA:101,6,3,0
BRDA:114,7,0,0
BRDA:114,7,1,0
BRDA:114,7,2,0
BRDA:114,7,3,0
BRDA:127,8,0,0
BRDA:127,8,1,0
BRDA:127,8,2,0
BRDA:127,8,3,0
BRDA:131,9,0,0
BRDA:131,9,1,0
BRDA:139,10,0,0
BRDA:139,10,1,0
BRDA:152,11,0,0
BRDA:152,11,1,0
BRDA:184,12,0,0
BRDA:205,13,0,0
BRDA:208,14,0,0
BRDA:208,14,1,0
BRDA:212,15,0,0
BRDA:240,16,0,0
BRDA:245,17,0,0
BRDA:257,18,0,0
BRDA:282,19,0,0
BRDA:282,19,1,0
BRF:41
BRH:0
end_of_record
TN:
SF:src/app/write/review/page.tsx
FN:8,WriteReviewPage
FNF:1
FNH:0
FNDA:0,WriteReviewPage
DA:3,0
DA:4,0
DA:5,0
DA:6,0
DA:8,0
DA:9,0
LF:6
LH:0
BRDA:16,0,0,0
BRF:1
BRH:0
end_of_record
TN:
SF:src/app/write/roadmap/page.tsx
FN:15,WriteRoadmapContent
FN:28,(anonymous_3)
FN:29,(anonymous_4)
FN:65,(anonymous_5)
FN:96,(anonymous_6)
FN:182,WriteRoadmapPage
FNF:6
FNH:0
FNDA:0,WriteRoadmapContent
FNDA:0,(anonymous_3)
FNDA:0,(anonymous_4)
FNDA:0,(anonymous_5)
FNDA:0,(anonymous_6)
FNDA:0,WriteRoadmapPage
DA:3,0
DA:4,0
DA:5,0
DA:6,0
DA:7,0
DA:8,0
DA:9,0
DA:10,0
DA:11,0
DA:13,0
DA:16,0
DA:17,0
DA:18,0
DA:19,0
DA:20,0
DA:21,0
DA:22,0
DA:24,0
DA:25,0
DA:28,0
DA:29,0
DA:30,0
DA:32,0
DA:33,0
DA:34,0
DA:36,0
DA:37,0
DA:40,0
DA:41,0
DA:42,0
DA:46,0
DA:55,0
DA:56,0
DA:58,0
DA:62,0
DA:65,0
DA:66,0
DA:67,0
DA:68,0
DA:71,0
DA:72,0
DA:73,0
DA:75,0
DA:77,0
DA:79,0
DA:80,0
DA:81,0
DA:84,0
DA:85,0
DA:86,0
DA:89,0
DA:90,0
DA:92,0
DA:96,0
DA:97,0
DA:101,0
DA:102,0
DA:103,0
DA:105,0
DA:111,0
DA:127,0
DA:182,0
LF:62
LH:0
BRDA:30,0,0,0
BRDA:30,0,1,0
BRDA:30,1,0,0
BRDA:30,1,1,0
BRDA:30,1,2,0
BRDA:40,2,0,0
BRDA:40,2,1,0
BRDA:40,3,0,0
BRDA:40,3,1,0
BRDA:56,4,0,0
BRDA:56,4,1,0
BRDA:66,5,0,0
BRDA:66,5,1,0
BRDA:66,6,0,0
BRDA:66,6,1,0
BRDA:77,7,0,0
BRDA:77,7,1,0
BRDA:77,8,0,0
BRDA:77,8,1,0
BRDA:90,9,0,0
BRDA:90,9,1,0
BRDA:90,10,0,0
BRDA:90,10,1,0
BRDA:97,11,0,0
BRDA:97,11,1,0
BRDA:101,12,0,0
BRDA:101,12,1,0
BRDA:102,13,0,0
BRDA:102,13,1,0
BRDA:102,14,0,0
BRDA:102,14,1,0
BRDA:111,15,0,0
BRDA:111,15,1,0
BRDA:127,16,0,0
BRDA:127,16,1,0
BRDA:127,17,0,0
BRDA:127,17,1,0
BRDA:143,18,0,0
BRDA:143,18,1,0
BRDA:143,19,0,0
BRDA:143,19,1,0
BRDA:145,20,0,0
BRDA:145,20,1,0
BRDA:151,21,0,0
BRDA:151,21,1,0
BRDA:154,22,0,0
BRDA:154,22,1,0
BRDA:162,23,0,0
BRDA:171,24,0,0
BRDA:171,24,1,0
BRF:50
BRH:0
end_of_record
TN:
SF:src/components/admin/AdminDashboard.tsx
FN:23,AdminDashboard
FN:28,(anonymous_2)
FN:32,(anonymous_3)
FN:60,(anonymous_4)
FN:125,(anonymous_5)
FNF:5
FNH:0
FNDA:0,AdminDashboard
FNDA:0,(anonymous_2)
FNDA:0,(anonymous_3)
FNDA:0,(anonymous_4)
FNDA:0,(anonymous_5)
DA:3,0
DA:4,0
DA:5,0
DA:6,0
DA:7,0
DA:23,0
DA:24,0
DA:25,0
DA:26,0
DA:28,0
DA:29,0
DA:32,0
DA:33,0
DA:34,0
DA:35,0
DA:37,0
DA:38,0
DA:39,0
DA:42,0
DA:43,0
DA:44,0
DA:46,0
DA:49,0
DA:50,0
DA:52,0
DA:56,0
DA:61,0
DA:74,0
DA:82,0
DA:90,0
DA:126,0
LF:31
LH:0
BRDA:38,0,0,0
BRDA:38,0,1,0
BRDA:43,1,0,0
BRDA:43,1,1,0
BRDA:46,2,0,0
BRDA:46,2,1,0
BRDA:56,3,0,0
BRDA:56,3,1,0
BRDA:74,4,0,0
BRDA:74,4,1,0
BRDA:82,5,0,0
BRDA:82,5,1,0
BRDA:160,6,0,0
BRDA:160,6,1,0
BRDA:166,7,0,0
BRDA:166,7,1,0
BRDA:172,8,0,0
BRDA:172,8,1,0
BRDA:229,9,0,0
BRDA:229,9,1,0
BRDA:230,10,0,0
BRDA:230,10,1,0
BRDA:240,11,0,0
BRDA:240,11,1,0
BRDA:241,12,0,0
BRDA:241,12,1,0
BRDA:251,13,0,0
BRDA:251,13,1,0
BRDA:252,14,0,0
BRDA:252,14,1,0
BRF:30
BRH:0
end_of_record
TN:
SF:src/components/admin/MonitoringDashboard.tsx
FN:35,MonitoringDashboard
FN:42,(anonymous_2)
FN:53,(anonymous_3)
FN:73,(anonymous_4)
FN:89,(anonymous_5)
FN:94,(anonymous_6)
FN:97,(anonymous_7)
FN:107,(anonymous_8)
FN:117,(anonymous_9)
FN:127,(anonymous_10)
FN:146,(anonymous_11)
FN:221,(anonymous_12)
FN:244,(anonymous_13)
FNF:13
FNH:0
FNDA:0,MonitoringDashboard
FNDA:0,(anonymous_2)
FNDA:0,(anonymous_3)
FNDA:0,(anonymous_4)
FNDA:0,(anonymous_5)
FNDA:0,(anonymous_6)
FNDA:0,(anonymous_7)
FNDA:0,(anonymous_8)
FNDA:0,(anonymous_9)
FNDA:0,(anonymous_10)
FNDA:0,(anonymous_11)
FNDA:0,(anonymous_12)
FNDA:0,(anonymous_13)
DA:3,0
DA:4,0
DA:5,0
DA:6,0
DA:7,0
DA:35,0
DA:36,0
DA:37,0
DA:38,0
DA:39,0
DA:40,0
DA:42,0
DA:43,0
DA:44,0
DA:45,0
DA:46,0
DA:48,0
DA:49,0
DA:53,0
DA:54,0
DA:55,0
DA:56,0
DA:58,0
DA:64,0
DA:65,0
DA:66,0
DA:69,0
DA:73,0
DA:74,0
DA:75,0
DA:77,0
DA:83,0
DA:84,0
DA:86,0
DA:89,0
DA:90,0
DA:93,0
DA:94,0
DA:97,0
DA:98,0
DA:99,0
DA:100,0
DA:101,0
DA:102,0
DA:103,0
DA:107,0
DA:108,0
DA:109,0
DA:110,0
DA:111,0
DA:112,0
DA:113,0
DA:117,0
DA:118,0
DA:119,0
DA:120,0
DA:121,0
DA:122,0
DA:123,0
DA:127,0
DA:128,0
DA:129,0
DA:130,0
DA:131,0
DA:132,0
DA:133,0
DA:134,0
DA:135,0
DA:136,0
DA:137,0
DA:140,0
DA:147,0
DA:222,0
DA:245,0
LF:74
LH:0
BRDA:56,0,0,0
BRDA:56,0,1,0
BRDA:64,1,0,0
BRDA:64,1,1,0
BRDA:66,2,0,0
BRDA:66,2,1,0
BRDA:98,3,0,0
BRDA:98,3,1,0
BRDA:98,3,2,0
BRDA:98,3,3,0
BRDA:98,3,4,0
BRDA:98,3,5,0
BRDA:98,3,6,0
BRDA:108,4,0,0
BRDA:108,4,1,0
BRDA:108,4,2,0
BRDA:108,4,3,0
BRDA:108,4,4,0
BRDA:118,5,0,0
BRDA:118,5,1,0
BRDA:118,5,2,0
BRDA:118,5,3,0
BRDA:118,5,4,0
BRDA:140,6,0,0
BRDA:140,6,1,0
BRDA:169,7,0,0
BRDA:176,8,0,0
BRDA:207,9,0,0
BRDA:217,10,0,0
BRDA:217,10,1,0
BRDA:241,11,0,0
BRDA:241,11,1,0
BRDA:251,12,0,0
BRDA:262,13,0,0
BRDA:262,13,1,0
BRF:35
BRH:0
end_of_record
TN:
SF:src/components/admin/PerformanceDashboard.tsx
FN:21,(anonymous_4)
FN:43,(anonymous_5)
FN:49,(anonymous_6)
FN:51,(anonymous_7)
FN:54,(anonymous_8)
FN:56,(anonymous_9)
FN:59,(anonymous_10)
FN:67,(anonymous_11)
FN:71,(anonymous_12)
FN:152,(anonymous_13)
FN:367,(anonymous_14)
FN:393,(anonymous_15)
FNF:12
FNH:0
FNDA:0,(anonymous_4)
FNDA:0,(anonymous_5)
FNDA:0,(anonymous_6)
FNDA:0,(anonymous_7)
FNDA:0,(anonymous_8)
FNDA:0,(anonymous_9)
FNDA:0,(anonymous_10)
FNDA:0,(anonymous_11)
FNDA:0,(anonymous_12)
FNDA:0,(anonymous_13)
FNDA:0,(anonymous_14)
FNDA:0,(anonymous_15)
DA:3,0
DA:12,0
DA:17,0
DA:18,0
DA:19,0
DA:21,0
DA:22,0
DA:32,0
DA:34,0
DA:39,0
DA:41,0
DA:43,0
DA:45,0
DA:46,0
DA:49,0
DA:50,0
DA:51,0
DA:54,0
DA:55,0
DA:56,0
DA:59,0
DA:60,0
DA:61,0
DA:62,0
DA:63,0
DA:64,0
DA:67,0
DA:68,0
DA:71,0
DA:72,0
DA:75,0
DA:76,0
DA:77,0
DA:78,0
DA:79,0
DA:82,0
DA:84,0
DA:85,0
DA:87,0
DA:88,0
DA:89,0
DA:90,0
DA:92,0
DA:95,0
DA:153,0
DA:368,0
DA:394,0
LF:47
LH:0
BRDA:60,0,0,0
BRDA:60,0,1,0
BRDA:75,1,0,0
BRDA:75,1,1,0
BRDA:75,2,0,0
BRDA:75,2,1,0
BRDA:76,3,0,0
BRDA:76,3,1,0
BRDA:76,4,0,0
BRDA:76,4,1,0
BRDA:77,5,0,0
BRDA:77,5,1,0
BRDA:77,6,0,0
BRDA:77,6,1,0
BRDA:78,7,0,0
BRDA:78,7,1,0
BRDA:78,8,0,0
BRDA:78,8,1,0
BRDA:79,9,0,0
BRDA:79,9,1,0
BRDA:79,10,0,0
BRDA:79,10,1,0
BRDA:82,11,0,0
BRDA:82,11,1,0
BRDA:87,12,0,0
BRDA:87,12,1,0
BRDA:88,13,0,0
BRDA:88,13,1,0
BRDA:89,14,0,0
BRDA:89,14,1,0
BRDA:90,15,0,0
BRDA:90,15,1,0
BRDA:133,16,0,0
BRDA:133,16,1,0
BRDA:137,17,0,0
BRDA:140,18,0,0
BRDA:149,19,0,0
BRDA:167,20,0,0
BRDA:167,20,1,0
BRDA:179,21,0,0
BRDA:179,21,1,0
BRDA:191,22,0,0
BRDA:191,22,1,0
BRDA:203,23,0,0
BRDA:203,23,1,0
BRDA:215,24,0,0
BRDA:215,24,1,0
BRDA:231,25,0,0
BRDA:272,26,0,0
BRDA:275,27,0,0
BRDA:275,27,1,0
BRDA:289,28,0,0
BRDA:289,28,1,0
BRDA:290,29,0,0
BRDA:290,29,1,0
BRDA:308,30,0,0
BRDA:311,31,0,0
BRDA:311,31,1,0
BRDA:317,32,0,0
BRDA:317,32,1,0
BRDA:323,33,0,0
BRDA:323,33,1,0
BRDA:341,34,0,0
BRDA:363,35,0,0
BRDA:386,36,0,0
BRF:65
BRH:0
end_of_record
TN:
SF:src/components/admin/ReviewModerationPanel.tsx
FN:20,ReviewModerationPanel
FN:27,(anonymous_2)
FN:31,(anonymous_3)
FN:61,(anonymous_4)
FN:83,(anonymous_5)
FN:83,(anonymous_6)
FN:99,(anonymous_7)
FN:112,(anonymous_8)
FN:115,(anonymous_9)
FN:145,(anonymous_10)
FN:146,(anonymous_11)
FN:148,(anonymous_12)
FN:151,(anonymous_13)
FN:178,(anonymous_14)
FN:266,(anonymous_15)
FN:274,(anonymous_16)
FNF:16
FNH:0
FNDA:0,ReviewModerationPanel
FNDA:0,(anonymous_2)
FNDA:0,(anonymous_3)
FNDA:0,(anonymous_4)
FNDA:0,(anonymous_5)
FNDA:0,(anonymous_6)
FNDA:0,(anonymous_7)
FNDA:0,(anonymous_8)
FNDA:0,(anonymous_9)
FNDA:0,(anonymous_10)
FNDA:0,(anonymous_11)
FNDA:0,(anonymous_12)
FNDA:0,(anonymous_13)
FNDA:0,(anonymous_14)
FNDA:0,(anonymous_15)
FNDA:0,(anonymous_16)
DA:3,0
DA:5,0
DA:6,0
DA:7,0
DA:8,0
DA:9,0
DA:10,0
DA:20,0
DA:21,0
DA:22,0
DA:23,0
DA:24,0
DA:25,0
DA:27,0
DA:28,0
DA:31,0
DA:32,0
DA:33,0
DA:34,0
DA:36,0
DA:37,0
DA:38,0
DA:40,0
DA:42,0
DA:43,0
DA:44,0
DA:47,0
DA:48,0
DA:49,0
DA:51,0
DA:54,0
DA:55,0
DA:57,0
DA:61,0
DA:62,0
DA:63,0
DA:65,0
DA:76,0
DA:77,0
DA:80,0
DA:81,0
DA:83,0
DA:84,0
DA:89,0
DA:92,0
DA:93,0
DA:95,0
DA:99,0
DA:100,0
DA:112,0
DA:116,0
DA:130,0
DA:134,0
DA:145,0
DA:146,0
DA:149,0
DA:151,0
DA:179,0
DA:266,0
DA:274,0
LF:60
LH:0
BRDA:37,0,0,0
BRDA:37,0,1,0
BRDA:43,1,0,0
BRDA:43,1,1,0
BRDA:48,2,0,0
BRDA:48,2,1,0
BRDA:49,3,0,0
BRDA:49,3,1,0
BRDA:51,4,0,0
BRDA:51,4,1,0
BRDA:76,5,0,0
BRDA:76,5,1,0
BRDA:81,6,0,0
BRDA:81,6,1,0
BRDA:84,7,0,0
BRDA:84,7,1,0
BRDA:85,8,0,0
BRDA:85,8,1,0
BRDA:89,9,0,0
BRDA:89,9,1,0
BRDA:119,10,0,0
BRDA:119,10,1,0
BRDA:130,11,0,0
BRDA:130,11,1,0
BRDA:134,12,0,0
BRDA:134,12,1,0
BRDA:153,13,0,0
BRDA:153,13,1,0
BRDA:167,14,0,0
BRDA:183,15,0,0
BRDA:192,16,0,0
BRDA:197,17,0,0
BRDA:225,18,0,0
BRDA:232,19,0,0
BRDA:243,20,0,0
BRDA:246,21,0,0
BRDA:260,22,0,0
BRDA:269,23,0,0
BRDA:269,23,1,0
BRDA:277,24,0,0
BRDA:277,24,1,0
BRF:41
BRH:0
end_of_record
TN:
SF:src/components/admin/RoadmapModerationPanel.tsx
FN:29,RoadmapModerationPanel
FN:36,(anonymous_2)
FN:40,(anonymous_3)
FN:70,(anonymous_4)
FN:92,(anonymous_5)
FN:92,(anonymous_6)
FN:108,(anonymous_7)
FN:136,(anonymous_8)
FN:137,(anonymous_9)
FN:139,(anonymous_10)
FN:142,(anonymous_11)
FN:169,(anonymous_12)
FN:254,(anonymous_13)
FN:262,(anonymous_14)
FNF:14
FNH:0
FNDA:0,RoadmapModerationPanel
FNDA:0,(anonymous_2)
FNDA:0,(anonymous_3)
FNDA:0,(anonymous_4)
FNDA:0,(anonymous_5)
FNDA:0,(anonymous_6)
FNDA:0,(anonymous_7)
FNDA:0,(anonymous_8)
FNDA:0,(anonymous_9)
FNDA:0,(anonymous_10)
FNDA:0,(anonymous_11)
FNDA:0,(anonymous_12)
FNDA:0,(anonymous_13)
FNDA:0,(anonymous_14)
DA:3,0
DA:5,0
DA:6,0
DA:7,0
DA:8,0
DA:9,0
DA:10,0
DA:29,0
DA:30,0
DA:31,0
DA:32,0
DA:33,0
DA:34,0
DA:36,0
DA:37,0
DA:40,0
DA:41,0
DA:42,0
DA:43,0
DA:45,0
DA:46,0
DA:47,0
DA:49,0
DA:51,0
DA:52,0
DA:53,0
DA:56,0
DA:57,0
DA:58,0
DA:60,0
DA:63,0
DA:64,0
DA:66,0
DA:70,0
DA:71,0
DA:72,0
DA:74,0
DA:85,0
DA:86,0
DA:89,0
DA:90,0
DA:92,0
DA:93,0
DA:98,0
DA:101,0
DA:102,0
DA:104,0
DA:108,0
DA:109,0
DA:121,0
DA:125,0
DA:136,0
DA:137,0
DA:140,0
DA:142,0
DA:170,0
DA:254,0
DA:262,0
LF:58
LH:0
BRDA:46,0,0,0
BRDA:46,0,1,0
BRDA:52,1,0,0
BRDA:52,1,1,0
BRDA:57,2,0,0
BRDA:57,2,1,0
BRDA:58,3,0,0
BRDA:58,3,1,0
BRDA:60,4,0,0
BRDA:60,4,1,0
BRDA:85,5,0,0
BRDA:85,5,1,0
BRDA:90,6,0,0
BRDA:90,6,1,0
BRDA:93,7,0,0
BRDA:93,7,1,0
BRDA:94,8,0,0
BRDA:94,8,1,0
BRDA:98,9,0,0
BRDA:98,9,1,0
BRDA:121,10,0,0
BRDA:121,10,1,0
BRDA:125,11,0,0
BRDA:125,11,1,0
BRDA:144,12,0,0
BRDA:144,12,1,0
BRDA:158,13,0,0
BRDA:178,14,0,0
BRDA:206,15,0,0
BRDA:217,16,0,0
BRDA:237,17,0,0
BRDA:248,18,0,0
BRDA:257,19,0,0
BRDA:257,19,1,0
BRDA:265,20,0,0
BRDA:265,20,1,0
BRF:36
BRH:0
end_of_record
TN:
SF:src/components/admin/UserManagementPanel.tsx
FN:21,UserManagementPanel
FN:29,(anonymous_2)
FN:33,(anonymous_3)
FN:66,(anonymous_4)
FN:87,(anonymous_5)
FN:87,(anonymous_6)
FN:103,(anonymous_7)
FN:120,(anonymous_8)
FN:129,(anonymous_9)
FN:141,(anonymous_10)
FN:155,(anonymous_11)
FN:169,(anonymous_12)
FN:198,(anonymous_13)
FN:207,(anonymous_14)
FN:210,(anonymous_15)
FN:238,(anonymous_16)
FNF:16
FNH:0
FNDA:0,UserManagementPanel
FNDA:0,(anonymous_2)
FNDA:0,(anonymous_3)
FNDA:0,(anonymous_4)
FNDA:0,(anonymous_5)
FNDA:0,(anonymous_6)
FNDA:0,(anonymous_7)
FNDA:0,(anonymous_8)
FNDA:0,(anonymous_9)
FNDA:0,(anonymous_10)
FNDA:0,(anonymous_11)
FNDA:0,(anonymous_12)
FNDA:0,(anonymous_13)
FNDA:0,(anonymous_14)
FNDA:0,(anonymous_15)
FNDA:0,(anonymous_16)
DA:3,0
DA:5,0
DA:6,0
DA:7,0
DA:8,0
DA:9,0
DA:10,0
DA:11,0
DA:21,0
DA:22,0
DA:23,0
DA:24,0
DA:25,0
DA:26,0
DA:27,0
DA:29,0
DA:30,0
DA:33,0
DA:34,0
DA:35,0
DA:36,0
DA:38,0
DA:39,0
DA:40,0
DA:42,0
DA:43,0
DA:45,0
DA:47,0
DA:48,0
DA:49,0
DA:52,0
DA:53,0
DA:54,0
DA:56,0
DA:59,0
DA:60,0
DA:62,0
DA:66,0
DA:67,0
DA:68,0
DA:70,0
DA:80,0
DA:81,0
DA:84,0
DA:85,0
DA:87,0
DA:88,0
DA:93,0
DA:96,0
DA:97,0
DA:99,0
DA:103,0
DA:104,0
DA:120,0
DA:121,0
DA:123,0
DA:124,0
DA:129,0
DA:135,0
DA:136,0
DA:141,0
DA:149,0
DA:150,0
DA:155,0
DA:163,0
DA:164,0
DA:169,0
DA:177,0
DA:180,0
DA:184,0
DA:198,0
DA:208,0
DA:210,0
DA:239,0
LF:74
LH:0
BRDA:39,0,0,0
BRDA:39,0,1,0
BRDA:42,1,0,0
BRDA:42,1,1,0
BRDA:48,2,0,0
BRDA:48,2,1,0
BRDA:53,3,0,0
BRDA:53,3,1,0
BRDA:54,4,0,0
BRDA:54,4,1,0
BRDA:56,5,0,0
BRDA:56,5,1,0
BRDA:80,6,0,0
BRDA:80,6,1,0
BRDA:85,7,0,0
BRDA:85,7,1,0
BRDA:88,8,0,0
BRDA:88,8,1,0
BRDA:93,9,0,0
BRDA:93,9,1,0
BRDA:123,10,0,0
BRDA:123,10,1,0
BRDA:135,11,0,0
BRDA:135,11,1,0
BRDA:149,12,0,0
BRDA:149,12,1,0
BRDA:149,13,0,0
BRDA:149,13,1,0
BRDA:163,14,0,0
BRDA:163,14,1,0
BRDA:180,15,0,0
BRDA:180,15,1,0
BRDA:184,16,0,0
BRDA:184,16,1,0
BRDA:212,17,0,0
BRDA:212,17,1,0
BRDA:227,18,0,0
BRDA:257,19,0,0
BRDA:263,20,0,0
BRDA:276,21,0,0
BRDA:276,21,1,0
BRF:41
BRH:0
end_of_record
TN:
SF:src/components/auth/AuthProvider.tsx
FN:28,(anonymous_7)
FN:34,(anonymous_8)
FN:50,(anonymous_9)
FN:56,(anonymous_10)
FN:57,(anonymous_11)
FN:100,(anonymous_12)
FN:109,(anonymous_13)
FN:113,AuthenticatedComponent
FNF:8
FNH:0
FNDA:0,(anonymous_7)
FNDA:0,(anonymous_8)
FNDA:0,(anonymous_9)
FNDA:0,(anonymous_10)
FNDA:0,(anonymous_11)
FNDA:0,(anonymous_12)
FNDA:0,(anonymous_13)
FNDA:0,AuthenticatedComponent
DA:3,0
DA:5,0
DA:6,0
DA:8,0
DA:22,0
DA:28,0
DA:29,0
DA:30,0
DA:31,0
DA:34,0
DA:35,0
DA:36,0
DA:37,0
DA:40,0
DA:41,0
DA:42,0
DA:44,0
DA:45,0
DA:50,0
DA:51,0
DA:52,0
DA:56,0
DA:57,0
DA:58,0
DA:59,0
DA:60,0
DA:63,0
DA:67,0
DA:68,0
DA:70,0
DA:74,0
DA:78,0
DA:80,0
DA:100,0
DA:101,0
DA:102,0
DA:103,0
DA:105,0
DA:109,0
DA:113,0
DA:114,0
DA:116,0
DA:124,0
DA:141,0
LF:44
LH:0
BRDA:35,0,0,0
BRDA:35,0,1,0
BRDA:51,1,0,0
BRDA:51,1,1,0
BRDA:67,2,0,0
BRDA:67,2,1,0
BRDA:70,3,0,0
BRDA:70,3,1,0
BRDA:74,4,0,0
BRDA:74,4,1,0
BRDA:102,5,0,0
BRDA:102,5,1,0
BRDA:116,6,0,0
BRDA:116,6,1,0
BRDA:124,7,0,0
BRDA:124,7,1,0
BRDA:141,8,0,0
BRDA:141,8,1,0
BRDA:141,9,0,0
BRDA:141,9,1,0
BRF:20
BRH:0
end_of_record
TN:
SF:src/components/auth/ContentRestriction.tsx
FN:17,(anonymous_6)
FN:26,(anonymous_7)
FN:39,(anonymous_8)
FN:101,(anonymous_9)
FN:142,(anonymous_10)
FN:177,(anonymous_11)
FNF:6
FNH:0
FNDA:0,(anonymous_6)
FNDA:0,(anonymous_7)
FNDA:0,(anonymous_8)
FNDA:0,(anonymous_9)
FNDA:0,(anonymous_10)
FNDA:0,(anonymous_11)
DA:3,0
DA:4,0
DA:5,0
DA:6,0
DA:7,0
DA:8,0
DA:9,0
DA:17,0
DA:22,0
DA:23,0
DA:24,0
DA:26,0
DA:27,0
DA:29,0
DA:31,0
DA:33,0
DA:35,0
DA:39,0
DA:40,0
DA:41,0
DA:50,0
DA:51,0
DA:60,0
DA:61,0
DA:70,0
DA:73,0
DA:75,0
DA:76,0
DA:101,0
DA:107,0
DA:108,0
DA:110,0
DA:112,0
DA:116,0
DA:142,0
DA:146,0
DA:147,0
DA:149,0
DA:150,0
DA:177,0
DA:180,0
DA:181,0
DA:184,0
DA:185,0
LF:44
LH:0
BRDA:19,0,0,0
BRDA:20,1,0,0
BRDA:27,2,0,0
BRDA:27,2,1,0
BRDA:27,2,2,0
BRDA:27,2,3,0
BRDA:40,3,0,0
BRDA:40,3,1,0
BRDA:50,4,0,0
BRDA:50,4,1,0
BRDA:60,5,0,0
BRDA:60,5,1,0
BRDA:75,6,0,0
BRDA:75,6,1,0
BRDA:83,7,0,0
BRDA:83,7,1,0
BRDA:103,8,0,0
BRDA:104,9,0,0
BRDA:105,10,0,0
BRDA:110,11,0,0
BRDA:110,11,1,0
BRDA:112,12,0,0
BRDA:112,12,1,0
BRDA:116,13,0,0
BRDA:116,13,1,0
BRDA:124,14,0,0
BRDA:128,15,0,0
BRDA:128,15,1,0
BRDA:144,16,0,0
BRDA:149,17,0,0
BRDA:149,17,1,0
BRDA:178,18,0,0
BRDA:184,19,0,0
BRDA:184,19,1,0
BRF:34
BRH:0
end_of_record
TN:
SF:src/components/auth/LogoutButton.tsx
FN:17,(anonymous_4)
FN:27,(anonymous_5)
FNF:2
FNH:0
FNDA:0,(anonymous_4)
FNDA:0,(anonymous_5)
DA:3,0
DA:4,0
DA:5,0
DA:6,0
DA:7,0
DA:8,0
DA:17,0
DA:23,0
DA:24,0
DA:25,0
DA:27,0
DA:28,0
DA:30,0
DA:32,0
DA:34,0
DA:35,0
DA:39,0
DA:41,0
DA:42,0
DA:45,0
DA:46,0
DA:47,0
DA:49,0
LF:23
LH:0
BRDA:18,0,0,0
BRDA:28,1,0,0
BRDA:28,1,1,0
BRDA:34,2,0,0
BRDA:34,2,1,0
BRDA:60,3,0,0
BRDA:60,3,1,0
BRDA:64,4,0,0
BRDA:64,4,1,0
BRDA:67,5,0,0
BRDA:67,5,1,0
BRF:11
BRH:0
end_of_record
TN:
SF:src/components/auth/ProtectedRoute.tsx
FN:19,(anonymous_2)
FNF:1
FNH:0
FNDA:0,(anonymous_2)
DA:3,0
DA:4,0
DA:6,0
DA:7,0
DA:8,0
DA:9,0
DA:19,0
DA:26,0
DA:29,0
DA:34,0
DA:35,0
DA:54,0
DA:55,0
LF:13
LH:0
BRDA:22,0,0,0
BRDA:24,1,0,0
BRDA:29,2,0,0
BRDA:29,2,1,0
BRDA:34,3,0,0
BRDA:34,3,1,0
BRDA:34,4,0,0
BRDA:34,4,1,0
BRDA:35,5,0,0
BRDA:35,5,1,0
BRDA:54,6,0,0
BRDA:54,6,1,0
BRDA:54,7,0,0
BRDA:54,7,1,0
BRDA:55,8,0,0
BRDA:55,8,1,0
BRF:16
BRH:0
end_of_record
TN:
SF:src/components/auth/RoleGuard.tsx
FN:17,(anonymous_7)
FNF:1
FNH:0
FNDA:0,(anonymous_7)
DA:3,0
DA:4,0
DA:6,0
DA:17,0
DA:25,0
DA:28,0
DA:33,0
DA:37,0
DA:38,0
DA:41,0
DA:42,0
DA:46,0
DA:47,0
DA:51,0
DA:52,0
DA:59,0
DA:68,0
DA:84,0
DA:96,0
LF:19
LH:0
BRDA:21,0,0,0
BRDA:22,1,0,0
BRDA:23,2,0,0
BRDA:28,3,0,0
BRDA:28,3,1,0
BRDA:28,4,0,0
BRDA:28,4,1,0
BRDA:33,5,0,0
BRDA:33,5,1,0
BRDA:33,6,0,0
BRDA:33,6,1,0
BRDA:41,7,0,0
BRDA:41,7,1,0
BRDA:46,8,0,0
BRDA:46,8,1,0
BRDA:46,9,0,0
BRDA:46,9,1,0
BRDA:47,10,0,0
BRDA:47,10,1,0
BRDA:51,11,0,0
BRDA:51,11,1,0
BRDA:55,12,0,0
BRDA:61,13,0,0
BRDA:70,14,0,0
BRDA:86,15,0,0
BRDA:98,16,0,0
BRF:26
BRH:0
end_of_record
TN:
SF:src/components/auth/SocialLoginButton.tsx
FN:75,(anonymous_8)
FN:87,(anonymous_9)
FNF:2
FNH:0
FNDA:0,(anonymous_8)
FNDA:0,(anonymous_9)
DA:3,0
DA:4,0
DA:10,0
DA:11,0
DA:13,0
DA:14,0
DA:24,0
DA:75,0
DA:82,0
DA:83,0
DA:84,0
DA:85,0
DA:87,0
DA:88,0
DA:90,0
DA:92,0
DA:95,0
DA:97,0
DA:99,0
DA:107,0
DA:110,0
DA:111,0
DA:117,0
DA:120,0
DA:121,0
DA:128,0
DA:131,0
DA:135,0
DA:137,0
DA:138,0
DA:141,0
DA:142,0
DA:143,0
DA:145,0
DA:173,0
DA:177,0
DA:181,0
LF:37
LH:0
BRDA:77,0,0,0
BRDA:78,1,0,0
BRDA:88,2,0,0
BRDA:88,2,1,0
BRDA:88,3,0,0
BRDA:88,3,1,0
BRDA:95,4,0,0
BRDA:95,4,1,0
BRDA:95,4,2,0
BRDA:95,4,3,0
BRDA:104,5,0,0
BRDA:104,5,1,0
BRDA:152,6,0,0
BRDA:152,6,1,0
BRDA:156,7,0,0
BRDA:156,7,1,0
BRDA:156,8,0,0
BRDA:156,8,1,0
BRDA:161,9,0,0
BRF:19
BRH:0
end_of_record
TN:
SF:src/components/comment/CommentForm.tsx
FN:14,CommentForm
FN:23,(anonymous_2)
FN:48,(anonymous_3)
FN:60,(anonymous_4)
FNF:4
FNH:0
FNDA:0,CommentForm
FNDA:0,(anonymous_2)
FNDA:0,(anonymous_3)
FNDA:0,(anonymous_4)
DA:3,0
DA:4,0
DA:5,0
DA:14,0
DA:20,0
DA:21,0
DA:23,0
DA:24,0
DA:26,0
DA:29,0
DA:30,0
DA:31,0
DA:34,0
DA:35,0
DA:36,0
DA:39,0
DA:40,0
DA:41,0
DA:44,0
DA:45,0
DA:48,0
DA:49,0
DA:50,0
DA:51,0
DA:61,0
DA:62,0
LF:26
LH:0
BRDA:17,0,0,0
BRDA:18,1,0,0
BRDA:29,2,0,0
BRDA:29,2,1,0
BRDA:34,3,0,0
BRDA:34,3,1,0
BRDA:39,4,0,0
BRDA:39,4,1,0
BRDA:62,5,0,0
BRDA:62,5,1,0
BRDA:74,6,0,0
BRDA:79,7,0,0
BRDA:79,7,1,0
BRDA:99,8,0,0
BRDA:99,8,1,0
BRDA:101,9,0,0
BRDA:101,9,1,0
BRF:17
BRH:0
end_of_record
TN:
SF:src/components/comment/CommentList.tsx
FN:16,CommentList
FN:22,(anonymous_2)
FN:29,(anonymous_3)
FN:48,(anonymous_4)
FN:73,(anonymous_5)
FNF:5
FNH:0
FNDA:0,CommentList
FNDA:0,(anonymous_2)
FNDA:0,(anonymous_3)
FNDA:0,(anonymous_4)
FNDA:0,(anonymous_5)
DA:4,0
DA:5,0
DA:6,0
DA:7,0
DA:16,0
DA:22,0
DA:23,0
DA:29,0
DA:30,0
DA:38,0
DA:42,0
DA:43,0
DA:49,0
DA:50,0
DA:52,0
DA:73,0
LF:16
LH:0
BRDA:20,0,0,0
BRDA:30,1,0,0
BRDA:42,2,0,0
BRDA:42,2,1,0
BRDA:50,3,0,0
BRDA:50,3,1,0
BRDA:66,4,0,0
BRDA:66,4,1,0
BRDA:69,5,0,0
BRDA:69,5,1,0
BRDA:84,6,0,0
BRDA:87,7,0,0
BRDA:87,7,1,0
BRDA:96,8,0,0
BRDA:96,8,1,0
BRF:15
BRH:0
end_of_record
TN:
SF:src/components/comment/CommentSection.tsx
FN:18,CommentSection
FN:27,(anonymous_2)
FN:41,(anonymous_3)
FN:46,(anonymous_4)
FN:60,(anonymous_5)
FN:74,(anonymous_6)
FN:87,(anonymous_7)
FN:87,(anonymous_8)
FN:117,(anonymous_9)
FN:135,(anonymous_10)
FN:154,(anonymous_11)
FNF:11
FNH:0
FNDA:0,CommentSection
FNDA:0,(anonymous_2)
FNDA:0,(anonymous_3)
FNDA:0,(anonymous_4)
FNDA:0,(anonymous_5)
FNDA:0,(anonymous_6)
FNDA:0,(anonymous_7)
FNDA:0,(anonymous_8)
FNDA:0,(anonymous_9)
FNDA:0,(anonymous_10)
FNDA:0,(anonymous_11)
DA:3,0
DA:4,0
DA:5,0
DA:7,0
DA:8,0
DA:9,0
DA:10,0
DA:11,0
DA:18,0
DA:19,0
DA:20,0
DA:21,0
DA:22,0
DA:23,0
DA:24,0
DA:27,0
DA:28,0
DA:29,0
DA:30,0
DA:31,0
DA:32,0
DA:34,0
DA:35,0
DA:37,0
DA:41,0
DA:42,0
DA:46,0
DA:47,0
DA:48,0
DA:49,0
DA:52,0
DA:53,0
DA:54,0
DA:56,0
DA:57,0
DA:60,0
DA:61,0
DA:64,0
DA:66,0
DA:67,0
DA:69,0
DA:74,0
DA:75,0
DA:76,0
DA:77,0
DA:80,0
DA:81,0
DA:84,0
DA:85,0
DA:86,0
DA:87,0
DA:89,0
DA:90,0
DA:94,0
DA:117,0
DA:135,0
DA:154,0
LF:57
LH:0
BRDA:18,0,0,0
BRDA:47,1,0,0
BRDA:47,1,1,0
BRDA:47,2,0,0
BRDA:47,2,1,0
BRDA:75,3,0,0
BRDA:75,3,1,0
BRDA:75,4,0,0
BRDA:75,4,1,0
BRDA:80,5,0,0
BRDA:80,5,1,0
BRDA:94,6,0,0
BRDA:94,6,1,0
BRDA:110,7,0,0
BRDA:110,7,1,0
BRDA:113,8,0,0
BRDA:113,8,1,0
BRDA:125,9,0,0
BRDA:132,10,0,0
BRDA:142,11,0,0
BRDA:150,12,0,0
BRDA:150,12,1,0
BRF:22
BRH:0
end_of_record
TN:
SF:src/components/course/CategoryStats.tsx
FN:18,(anonymous_4)
FN:29,(anonymous_5)
FN:30,(anonymous_6)
FN:48,(anonymous_7)
FN:62,(anonymous_8)
FN:124,(anonymous_9)
FN:160,(anonymous_10)
FNF:7
FNH:0
FNDA:0,(anonymous_4)
FNDA:0,(anonymous_5)
FNDA:0,(anonymous_6)
FNDA:0,(anonymous_7)
FNDA:0,(anonymous_8)
FNDA:0,(anonymous_9)
FNDA:0,(anonymous_10)
DA:3,0
DA:5,0
DA:6,0
DA:7,0
DA:8,0
DA:18,0
DA:25,0
DA:26,0
DA:27,0
DA:29,0
DA:30,0
DA:31,0
DA:32,0
DA:34,0
DA:35,0
DA:36,0
DA:38,0
DA:39,0
DA:41,0
DA:45,0
DA:48,0
DA:49,0
DA:59,0
DA:62,0
DA:63,0
DA:64,0
DA:65,0
DA:66,0
DA:69,0
DA:82,0
DA:97,0
DA:125,0
DA:160,0
LF:33
LH:0
BRDA:19,0,0,0
BRDA:20,1,0,0
BRDA:21,2,0,0
BRDA:22,3,0,0
BRDA:23,4,0,0
BRDA:36,5,0,0
BRDA:36,5,1,0
BRDA:63,6,0,0
BRDA:63,6,1,0
BRDA:64,7,0,0
BRDA:64,7,1,0
BRDA:65,8,0,0
BRDA:65,8,1,0
BRDA:69,9,0,0
BRDA:69,9,1,0
BRDA:82,10,0,0
BRDA:82,10,1,0
BRDA:97,11,0,0
BRDA:97,11,1,0
BRDA:118,12,0,0
BRDA:118,12,1,0
BRDA:140,13,0,0
BRDA:161,14,0,0
BRDA:161,14,1,0
BRF:24
BRH:0
end_of_record
TN:
SF:src/components/course/CourseCard.tsx
FN:19,(anonymous_4)
FN:26,(anonymous_5)
FN:30,(anonymous_6)
FN:119,(anonymous_7)
FN:131,(anonymous_8)
FN:165,(anonymous_9)
FNF:6
FNH:0
FNDA:0,(anonymous_4)
FNDA:0,(anonymous_5)
FNDA:0,(anonymous_6)
FNDA:0,(anonymous_7)
FNDA:0,(anonymous_8)
FNDA:0,(anonymous_9)
DA:3,0
DA:5,0
DA:6,0
DA:7,0
DA:8,0
DA:19,0
DA:26,0
DA:27,0
DA:30,0
DA:31,0
DA:119,0
DA:128,0
DA:132,0
DA:152,0
DA:166,0
LF:15
LH:0
BRDA:21,0,0,0
BRDA:24,1,0,0
BRDA:46,2,0,0
BRDA:59,3,0,0
BRDA:83,4,0,0
BRDA:121,5,0,0
BRDA:122,6,0,0
BRDA:125,7,0,0
BRDA:126,8,0,0
BRDA:128,9,0,0
BRDA:128,9,1,0
BRDA:152,10,0,0
BRDA:152,10,1,0
BRF:13
BRH:0
end_of_record
TN:
SF:src/components/course/CourseSearch.tsx
FN:24,(anonymous_4)
FN:42,(anonymous_5)
FN:66,(anonymous_6)
FN:71,(anonymous_7)
FN:72,(anonymous_8)
FN:79,(anonymous_9)
FN:83,(anonymous_10)
FN:89,(anonymous_11)
FN:95,(anonymous_12)
FN:114,(anonymous_13)
FN:121,(anonymous_14)
FN:140,(anonymous_15)
FN:142,(anonymous_16)
FN:174,(anonymous_17)
FN:177,(anonymous_18)
FNF:15
FNH:0
FNDA:0,(anonymous_4)
FNDA:0,(anonymous_5)
FNDA:0,(anonymous_6)
FNDA:0,(anonymous_7)
FNDA:0,(anonymous_8)
FNDA:0,(anonymous_9)
FNDA:0,(anonymous_10)
FNDA:0,(anonymous_11)
FNDA:0,(anonymous_12)
FNDA:0,(anonymous_13)
FNDA:0,(anonymous_14)
FNDA:0,(anonymous_15)
FNDA:0,(anonymous_16)
FNDA:0,(anonymous_17)
FNDA:0,(anonymous_18)
DA:3,0
DA:5,0
DA:6,0
DA:7,0
DA:8,0
DA:9,0
DA:10,0
DA:24,0
DA:32,0
DA:33,0
DA:34,0
DA:35,0
DA:36,0
DA:38,0
DA:39,0
DA:42,0
DA:43,0
DA:44,0
DA:45,0
DA:46,0
DA:49,0
DA:50,0
DA:51,0
DA:55,0
DA:56,0
DA:57,0
DA:59,0
DA:60,0
DA:62,0
DA:66,0
DA:67,0
DA:71,0
DA:72,0
DA:73,0
DA:74,0
DA:78,0
DA:79,0
DA:83,0
DA:84,0
DA:86,0
DA:88,0
DA:89,0
DA:90,0
DA:92,0
DA:94,0
DA:95,0
DA:96,0
DA:98,0
DA:99,0
DA:101,0
DA:102,0
DA:103,0
DA:104,0
DA:106,0
DA:108,0
DA:109,0
DA:110,0
DA:114,0
DA:115,0
DA:116,0
DA:117,0
DA:118,0
DA:121,0
DA:122,0
DA:124,0
DA:130,0
DA:131,0
DA:132,0
DA:140,0
DA:142,0
DA:175,0
DA:177,0
LF:72
LH:0
BRDA:27,0,0,0
BRDA:28,1,0,0
BRDA:30,2,0,0
BRDA:43,3,0,0
BRDA:43,3,1,0
BRDA:73,4,0,0
BRDA:73,4,1,0
BRDA:73,5,0,0
BRDA:73,5,1,0
BRDA:84,6,0,0
BRDA:84,6,1,0
BRDA:86,7,0,0
BRDA:86,7,1,0
BRDA:86,7,2,0
BRDA:86,7,3,0
BRDA:90,8,0,0
BRDA:90,8,1,0
BRDA:90,9,0,0
BRDA:90,9,1,0
BRDA:95,10,0,0
BRDA:95,10,1,0
BRDA:99,11,0,0
BRDA:99,11,1,0
BRDA:101,12,0,0
BRDA:101,12,1,0
BRDA:103,13,0,0
BRDA:103,13,1,0
BRDA:103,14,0,0
BRDA:103,14,1,0
BRDA:122,15,0,0
BRDA:122,15,1,0
BRDA:122,16,0,0
BRDA:122,16,1,0
BRDA:126,17,0,0
BRDA:126,17,1,0
BRDA:142,18,0,0
BRDA:142,18,1,0
BRDA:148,19,0,0
BRDA:150,20,0,0
BRDA:156,21,0,0
BRDA:156,21,1,0
BRDA:156,21,2,0
BRDA:159,22,0,0
BRDA:159,22,1,0
BRDA:172,23,0,0
BRDA:172,23,1,0
BRDA:179,24,0,0
BRDA:179,24,1,0
BRDA:191,25,0,0
BRDA:196,26,0,0
BRDA:210,27,0,0
BRDA:210,27,1,0
BRDA:214,28,0,0
BRDA:214,28,1,0
BRF:54
BRH:0
end_of_record
TN:
SF:src/components/course/index.ts
FNF:0
FNH:0
DA:2,0
DA:3,0
DA:4,0
LF:3
LH:0
BRF:0
BRH:0
end_of_record
TN:
SF:src/components/layout/Container.tsx
FN:10,(anonymous_2)
FNF:1
FNH:0
FNDA:0,(anonymous_2)
DA:1,0
DA:2,0
DA:10,0
DA:15,0
LF:4
LH:0
BRDA:12,0,0,0
BRDA:13,1,0,0
BRF:2
BRH:0
end_of_record
TN:
SF:src/components/layout/Footer.tsx
FN:4,(anonymous_2)
FNF:1
FNH:0
FNDA:0,(anonymous_2)
DA:1,0
DA:2,0
DA:4,0
DA:5,0
LF:4
LH:0
BRF:0
BRH:0
end_of_record
TN:
SF:src/components/layout/Header.tsx
FN:11,(anonymous_5)
FN:15,(anonymous_6)
FN:30,(anonymous_7)
FN:148,(anonymous_8)
FN:179,(anonymous_9)
FN:186,(anonymous_10)
FN:196,(anonymous_11)
FN:203,(anonymous_12)
FN:215,(anonymous_13)
FN:223,(anonymous_14)
FNF:10
FNH:0
FNDA:0,(anonymous_5)
FNDA:0,(anonymous_6)
FNDA:0,(anonymous_7)
FNDA:0,(anonymous_8)
FNDA:0,(anonymous_9)
FNDA:0,(anonymous_10)
FNDA:0,(anonymous_11)
FNDA:0,(anonymous_12)
FNDA:0,(anonymous_13)
FNDA:0,(anonymous_14)
DA:3,0
DA:4,0
DA:5,0
DA:6,0
DA:7,0
DA:8,0
DA:9,0
DA:11,0
DA:12,0
DA:13,0
DA:15,0
DA:16,0
DA:18,0
DA:20,0
DA:22,0
DA:24,0
DA:26,0
DA:30,0
DA:31,0
DA:33,0
DA:35,0
DA:37,0
DA:39,0
DA:41,0
DA:43,0
DA:148,0
DA:179,0
DA:186,0
DA:196,0
DA:203,0
DA:215,0
DA:223,0
LF:32
LH:0
BRDA:16,0,0,0
BRDA:16,0,1,0
BRDA:16,0,2,0
BRDA:16,0,3,0
BRDA:16,0,4,0
BRDA:31,1,0,0
BRDA:31,1,1,0
BRDA:31,1,2,0
BRDA:31,1,3,0
BRDA:31,1,4,0
BRDA:31,1,5,0
BRDA:76,2,0,0
BRDA:105,3,0,0
BRDA:110,4,0,0
BRDA:110,4,1,0
BRDA:113,5,0,0
BRDA:113,5,1,0
BRDA:118,6,0,0
BRDA:153,7,0,0
BRDA:153,7,1,0
BRDA:161,8,0,0
BRDA:161,8,1,0
BRDA:173,9,0,0
BRDA:191,10,0,0
BRDA:210,11,0,0
BRDA:219,12,0,0
BRF:26
BRH:0
end_of_record
TN:
SF:src/components/layout/Layout.tsx
FN:12,(anonymous_2)
FNF:1
FNH:0
FNDA:0,(anonymous_2)
DA:1,0
DA:2,0
DA:3,0
DA:12,0
LF:4
LH:0
BRDA:14,0,0,0
BRDA:15,1,0,0
BRDA:16,2,0,0
BRDA:20,3,0,0
BRDA:20,3,1,0
BRDA:24,4,0,0
BRDA:24,4,1,0
BRF:7
BRH:0
end_of_record
TN:
SF:src/components/layout/index.ts
FNF:0
FNH:0
DA:2,0
DA:3,0
DA:4,0
DA:5,0
LF:4
LH:0
BRF:0
BRH:0
end_of_record
TN:
SF:src/components/mypage/MyReviews.tsx
FN:20,MyReviews
FN:26,(anonymous_3)
FN:27,(anonymous_4)
FN:47,(anonymous_5)
FN:60,(anonymous_6)
FN:107,(anonymous_7)
FNF:6
FNH:0
FNDA:0,MyReviews
FNDA:0,(anonymous_3)
FNDA:0,(anonymous_4)
FNDA:0,(anonymous_5)
FNDA:0,(anonymous_6)
FNDA:0,(anonymous_7)
DA:3,0
DA:4,0
DA:5,0
DA:7,0
DA:8,0
DA:9,0
DA:10,0
DA:11,0
DA:12,0
DA:13,0
DA:14,0
DA:20,0
DA:21,0
DA:22,0
DA:23,0
DA:24,0
DA:26,0
DA:27,0
DA:28,0
DA:30,0
DA:31,0
DA:32,0
DA:33,0
DA:34,0
DA:35,0
DA:37,0
DA:38,0
DA:40,0
DA:44,0
DA:47,0
DA:48,0
DA:56,0
DA:60,0
DA:61,0
DA:67,0
DA:75,0
DA:108,0
LF:37
LH:0
BRDA:20,0,0,0
BRDA:28,1,0,0
BRDA:28,1,1,0
BRDA:48,2,0,0
BRDA:67,3,0,0
BRDA:67,3,1,0
BRDA:75,4,0,0
BRDA:75,4,1,0
BRDA:95,5,0,0
BRDA:137,6,0,0
BRF:10
BRH:0
end_of_record
TN:
SF:src/components/mypage/MyRoadmaps.tsx
FN:20,MyRoadmaps
FN:26,(anonymous_3)
FN:27,(anonymous_4)
FN:47,(anonymous_5)
FN:60,(anonymous_6)
FN:107,(anonymous_7)
FNF:6
FNH:0
FNDA:0,MyRoadmaps
FNDA:0,(anonymous_3)
FNDA:0,(anonymous_4)
FNDA:0,(anonymous_5)
FNDA:0,(anonymous_6)
FNDA:0,(anonymous_7)
DA:3,0
DA:4,0
DA:5,0
DA:7,0
DA:8,0
DA:9,0
DA:10,0
DA:11,0
DA:12,0
DA:13,0
DA:14,0
DA:20,0
DA:21,0
DA:22,0
DA:23,0
DA:24,0
DA:26,0
DA:27,0
DA:28,0
DA:30,0
DA:31,0
DA:32,0
DA:33,0
DA:34,0
DA:35,0
DA:37,0
DA:38,0
DA:40,0
DA:44,0
DA:47,0
DA:48,0
DA:56,0
DA:60,0
DA:61,0
DA:67,0
DA:75,0
DA:108,0
LF:37
LH:0
BRDA:20,0,0,0
BRDA:28,1,0,0
BRDA:28,1,1,0
BRDA:48,2,0,0
BRDA:67,3,0,0
BRDA:67,3,1,0
BRDA:75,4,0,0
BRDA:75,4,1,0
BRDA:95,5,0,0
BRDA:121,6,0,0
BRDA:123,7,0,0
BRDA:124,8,0,0
BRDA:124,8,1,0
BRDA:137,9,0,0
BRDA:155,10,0,0
BRF:15
BRH:0
end_of_record
TN:
SF:src/components/mypage/StatsDashboard.tsx
FN:23,StatsDashboard
FN:27,(anonymous_2)
FN:70,(anonymous_3)
FNF:3
FNH:0
FNDA:0,StatsDashboard
FNDA:0,(anonymous_2)
FNDA:0,(anonymous_3)
DA:3,0
DA:4,0
DA:23,0
DA:24,0
DA:28,0
DA:37,0
DA:71,0
LF:7
LH:0
BRDA:23,0,0,0
BRDA:23,1,0,0
BRDA:24,2,0,0
BRDA:24,2,1,0
BRF:4
BRH:0
end_of_record
TN:
SF:src/components/review/RecentReviewsSection.tsx
FN:15,RecentReviewsSection
FN:23,(anonymous_2)
FN:24,(anonymous_3)
FN:51,(anonymous_4)
FN:84,(anonymous_5)
FNF:5
FNH:0
FNDA:0,RecentReviewsSection
FNDA:0,(anonymous_2)
FNDA:0,(anonymous_3)
FNDA:0,(anonymous_4)
FNDA:0,(anonymous_5)
DA:3,0
DA:5,0
DA:6,0
DA:8,0
DA:15,0
DA:19,0
DA:20,0
DA:21,0
DA:23,0
DA:24,0
DA:25,0
DA:26,0
DA:27,0
DA:29,0
DA:36,0
DA:38,0
DA:39,0
DA:41,0
DA:45,0
DA:48,0
DA:52,0
DA:60,0
DA:70,0
DA:85,0
LF:24
LH:0
BRDA:16,0,0,0
BRDA:17,1,0,0
BRDA:36,2,0,0
BRDA:36,2,1,0
BRDA:48,3,0,0
BRDA:48,3,1,0
BRDA:60,4,0,0
BRDA:60,4,1,0
BRDA:70,5,0,0
BRDA:70,5,1,0
BRF:10
BRH:0
end_of_record
TN:
SF:src/components/review/ReviewCard.tsx
FN:31,(anonymous_4)
FN:46,(anonymous_5)
FN:59,(anonymous_6)
FN:62,(anonymous_7)
FN:206,(anonymous_8)
FN:215,(anonymous_9)
FN:246,(anonymous_10)
FN:279,(anonymous_11)
FNF:8
FNH:0
FNDA:0,(anonymous_4)
FNDA:0,(anonymous_5)
FNDA:0,(anonymous_6)
FNDA:0,(anonymous_7)
FNDA:0,(anonymous_8)
FNDA:0,(anonymous_9)
FNDA:0,(anonymous_10)
FNDA:0,(anonymous_11)
DA:3,0
DA:5,0
DA:6,0
DA:7,0
DA:8,0
DA:9,0
DA:10,0
DA:11,0
DA:31,0
DA:40,0
DA:42,0
DA:43,0
DA:44,0
DA:46,0
DA:47,0
DA:59,0
DA:63,0
DA:206,0
DA:215,0
DA:246,0
DA:256,0
DA:266,0
DA:280,0
LF:23
LH:0
BRDA:33,0,0,0
BRDA:34,1,0,0
BRDA:35,2,0,0
BRDA:38,3,0,0
BRDA:43,4,0,0
BRDA:43,4,1,0
BRDA:44,5,0,0
BRDA:44,5,1,0
BRDA:66,6,0,0
BRDA:66,6,1,0
BRDA:82,7,0,0
BRDA:91,8,0,0
BRDA:96,9,0,0
BRDA:110,10,0,0
BRDA:110,10,1,0
BRDA:110,10,2,0
BRDA:112,11,0,0
BRDA:112,11,1,0
BRDA:121,12,0,0
BRDA:121,12,1,0
BRDA:124,13,0,0
BRDA:124,13,1,0
BRDA:126,14,0,0
BRDA:126,14,1,0
BRDA:129,15,0,0
BRDA:129,15,1,0
BRDA:129,16,0,0
BRDA:129,16,1,0
BRDA:139,17,0,0
BRDA:139,17,1,0
BRDA:139,17,2,0
BRDA:141,18,0,0
BRDA:148,19,0,0
BRDA:155,20,0,0
BRDA:162,21,0,0
BRDA:174,22,0,0
BRDA:174,22,1,0
BRDA:176,23,0,0
BRDA:179,24,0,0
BRDA:179,24,1,0
BRDA:188,25,0,0
BRDA:188,25,1,0
BRDA:199,26,0,0
BRDA:199,26,1,0
BRDA:199,26,2,0
BRDA:202,27,0,0
BRDA:202,27,1,0
BRDA:211,28,0,0
BRDA:211,28,1,0
BRDA:220,29,0,0
BRDA:248,30,0,0
BRDA:249,31,0,0
BRDA:250,32,0,0
BRDA:253,33,0,0
BRDA:254,34,0,0
BRDA:256,35,0,0
BRDA:256,35,1,0
BRDA:266,36,0,0
BRDA:266,36,1,0
BRF:59
BRH:0
end_of_record
TN:
SF:src/components/review/ReviewForm.tsx
FN:26,(anonymous_4)
FN:55,(anonymous_5)
FN:56,(anonymous_6)
FN:60,(anonymous_7)
FN:62,(anonymous_8)
FN:71,(anonymous_9)
FN:88,(anonymous_10)
FN:110,(anonymous_11)
FN:114,(anonymous_12)
FN:126,(anonymous_13)
FN:184,(anonymous_14)
FN:219,(anonymous_15)
FN:256,(anonymous_16)
FN:258,(anonymous_17)
FN:280,(anonymous_18)
FN:285,(anonymous_19)
FN:297,(anonymous_20)
FN:301,(anonymous_21)
FN:311,(anonymous_22)
FN:326,(anonymous_23)
FN:330,(anonymous_24)
FN:348,(anonymous_25)
FN:355,(anonymous_26)
FN:365,(anonymous_27)
FN:373,(anonymous_28)
FN:382,(anonymous_29)
FN:390,(anonymous_30)
FNF:27
FNH:0
FNDA:0,(anonymous_4)
FNDA:0,(anonymous_5)
FNDA:0,(anonymous_6)
FNDA:0,(anonymous_7)
FNDA:0,(anonymous_8)
FNDA:0,(anonymous_9)
FNDA:0,(anonymous_10)
FNDA:0,(anonymous_11)
FNDA:0,(anonymous_12)
FNDA:0,(anonymous_13)
FNDA:0,(anonymous_14)
FNDA:0,(anonymous_15)
FNDA:0,(anonymous_16)
FNDA:0,(anonymous_17)
FNDA:0,(anonymous_18)
FNDA:0,(anonymous_19)
FNDA:0,(anonymous_20)
FNDA:0,(anonymous_21)
FNDA:0,(anonymous_22)
FNDA:0,(anonymous_23)
FNDA:0,(anonymous_24)
FNDA:0,(anonymous_25)
FNDA:0,(anonymous_26)
FNDA:0,(anonymous_27)
FNDA:0,(anonymous_28)
FNDA:0,(anonymous_29)
FNDA:0,(anonymous_30)
DA:3,0
DA:4,0
DA:5,0
DA:6,0
DA:7,0
DA:8,0
DA:9,0
DA:10,0
DA:11,0
DA:12,0
DA:13,0
DA:14,0
DA:17,0
DA:18,0
DA:26,0
DA:31,0
DA:32,0
DA:34,0
DA:49,0
DA:50,0
DA:51,0
DA:52,0
DA:53,0
DA:55,0
DA:56,0
DA:57,0
DA:60,0
DA:61,0
DA:62,0
DA:71,0
DA:77,0
DA:78,0
DA:79,0
DA:80,0
DA:83,0
DA:84,0
DA:88,0
DA:89,0
DA:90,0
DA:93,0
DA:94,0
DA:96,0
DA:97,0
DA:98,0
DA:101,0
DA:102,0
DA:103,0
DA:106,0
DA:108,0
DA:110,0
DA:113,0
DA:114,0
DA:115,0
DA:117,0
DA:119,0
DA:121,0
DA:122,0
DA:126,0
DA:127,0
DA:129,0
DA:130,0
DA:131,0
DA:135,0
DA:136,0
DA:137,0
DA:138,0
DA:141,0
DA:142,0
DA:144,0
DA:146,0
DA:149,0
DA:151,0
DA:152,0
DA:156,0
DA:157,0
DA:160,0
DA:163,0
DA:177,0
DA:178,0
DA:181,0
DA:182,0
DA:184,0
DA:185,0
DA:190,0
DA:192,0
DA:220,0
DA:257,0
DA:258,0
DA:280,0
DA:286,0
DA:297,0
DA:302,0
DA:311,0
DA:327,0
DA:330,0
DA:348,0
DA:355,0
DA:365,0
DA:373,0
DA:382,0
DA:390,0
LF:101
LH:0
BRDA:35,0,0,0
BRDA:35,0,1,0
BRDA:36,1,0,0
BRDA:36,1,1,0
BRDA:37,2,0,0
BRDA:37,2,1,0
BRDA:38,3,0,0
BRDA:38,3,1,0
BRDA:49,4,0,0
BRDA:49,4,1,0
BRDA:66,5,0,0
BRDA:66,5,1,0
BRDA:67,6,0,0
BRDA:67,6,1,0
BRDA:79,7,0,0
BRDA:79,7,1,0
BRDA:90,8,0,0
BRDA:90,8,1,0
BRDA:96,9,0,0
BRDA:96,9,1,0
BRDA:101,10,0,0
BRDA:101,10,1,0
BRDA:108,11,0,0
BRDA:108,11,1,0
BRDA:129,12,0,0
BRDA:129,12,1,0
BRDA:136,13,0,0
BRDA:136,13,1,0
BRDA:151,14,0,0
BRDA:151,14,1,0
BRDA:156,15,0,0
BRDA:156,15,1,0
BRDA:181,16,0,0
BRDA:181,16,1,0
BRDA:190,17,0,0
BRDA:190,17,1,0
BRDA:209,18,0,0
BRDA:216,19,0,0
BRDA:237,20,0,0
BRDA:244,21,0,0
BRDA:247,22,0,0
BRDA:332,23,0,0
BRDA:332,23,1,0
BRDA:418,24,0,0
BRDA:443,25,0,0
BRDA:458,26,0,0
BRDA:458,26,1,0
BRF:47
BRH:0
end_of_record
TN:
SF:src/components/review/index.ts
FNF:0
FNH:0
DA:2,0
DA:3,0
LF:2
LH:0
BRF:0
BRH:0
end_of_record
TN:
SF:src/components/roadmap/RoadmapCard.tsx
FN:25,RoadmapCard
FN:34,(anonymous_2)
FN:41,(anonymous_3)
FN:45,(anonymous_4)
FNF:4
FNH:0
FNDA:0,RoadmapCard
FNDA:0,(anonymous_2)
FNDA:0,(anonymous_3)
FNDA:0,(anonymous_4)
DA:4,0
DA:5,0
DA:6,0
DA:7,0
DA:8,0
DA:10,0
DA:25,0
DA:32,0
DA:34,0
DA:35,0
DA:41,0
DA:42,0
DA:45,0
DA:46,0
DA:54,0
LF:15
LH:0
BRDA:27,0,0,0
BRDA:30,1,0,0
BRDA:46,2,0,0
BRDA:75,3,0,0
BRDA:75,3,1,0
BRDA:86,4,0,0
BRDA:88,5,0,0
BRDA:97,6,0,0
BRDA:131,7,0,0
BRDA:146,8,0,0
BRF:10
BRH:0
end_of_record
TN:
SF:src/components/roadmap/RoadmapForm.tsx
FN:19,RoadmapForm
FN:37,(anonymous_2)
FN:87,(anonymous_3)
FN:107,(anonymous_4)
FN:108,(anonymous_5)
FN:112,(anonymous_6)
FN:131,(anonymous_7)
FN:153,(anonymous_8)
FN:182,(anonymous_9)
FN:200,(anonymous_10)
FN:225,(anonymous_11)
FN:243,(anonymous_12)
FNF:12
FNH:0
FNDA:0,RoadmapForm
FNDA:0,(anonymous_2)
FNDA:0,(anonymous_3)
FNDA:0,(anonymous_4)
FNDA:0,(anonymous_5)
FNDA:0,(anonymous_6)
FNDA:0,(anonymous_7)
FNDA:0,(anonymous_8)
FNDA:0,(anonymous_9)
FNDA:0,(anonymous_10)
FNDA:0,(anonymous_11)
FNDA:0,(anonymous_12)
DA:3,0
DA:4,0
DA:5,0
DA:6,0
DA:7,0
DA:8,0
DA:19,0
DA:26,0
DA:35,0
DA:37,0
DA:38,0
DA:41,0
DA:42,0
DA:43,0
DA:44,0
DA:45,0
DA:46,0
DA:49,0
DA:50,0
DA:51,0
DA:52,0
DA:53,0
DA:54,0
DA:57,0
DA:58,0
DA:59,0
DA:60,0
DA:63,0
DA:64,0
DA:65,0
DA:66,0
DA:70,0
DA:71,0
DA:74,0
DA:75,0
DA:79,0
DA:80,0
DA:83,0
DA:84,0
DA:87,0
DA:88,0
DA:90,0
DA:91,0
DA:95,0
DA:104,0
DA:107,0
DA:108,0
DA:111,0
DA:112,0
DA:131,0
DA:153,0
DA:182,0
DA:200,0
DA:225,0
DA:243,0
LF:55
LH:0
BRDA:23,0,0,0
BRDA:24,1,0,0
BRDA:27,2,0,0
BRDA:27,2,1,0
BRDA:28,3,0,0
BRDA:28,3,1,0
BRDA:29,4,0,0
BRDA:29,4,1,0
BRDA:30,5,0,0
BRDA:30,5,1,0
BRDA:31,6,0,0
BRDA:31,6,1,0
BRDA:32,7,0,0
BRDA:32,7,1,0
BRDA:41,8,0,0
BRDA:41,8,1,0
BRDA:43,9,0,0
BRDA:43,9,1,0
BRDA:45,10,0,0
BRDA:45,10,1,0
BRDA:49,11,0,0
BRDA:49,11,1,0
BRDA:51,12,0,0
BRDA:51,12,1,0
BRDA:53,13,0,0
BRDA:53,13,1,0
BRDA:57,14,0,0
BRDA:57,14,1,0
BRDA:59,15,0,0
BRDA:59,15,1,0
BRDA:63,16,0,0
BRDA:63,16,1,0
BRDA:65,17,0,0
BRDA:65,17,1,0
BRDA:70,18,0,0
BRDA:70,18,1,0
BRDA:70,19,0,0
BRDA:70,19,1,0
BRDA:74,20,0,0
BRDA:74,20,1,0
BRDA:74,21,0,0
BRDA:74,21,1,0
BRDA:79,22,0,0
BRDA:79,22,1,0
BRDA:79,23,0,0
BRDA:79,23,1,0
BRDA:79,23,2,0
BRDA:90,24,0,0
BRDA:90,24,1,0
BRDA:100,25,0,0
BRDA:100,25,1,0
BRDA:101,26,0,0
BRDA:101,26,1,0
BRDA:111,27,0,0
BRDA:111,27,1,0
BRDA:137,28,0,0
BRDA:160,29,0,0
BRDA:188,30,0,0
BRDA:206,31,0,0
BRDA:231,32,0,0
BRDA:249,33,0,0
BRDA:271,34,0,0
BRDA:285,35,0,0
BRDA:285,35,1,0
BRDA:286,36,0,0
BRDA:286,36,1,0
BRDA:287,37,0,0
BRDA:287,37,1,0
BRF:68
BRH:0
end_of_record
TN:
SF:src/components/summary/ReviewSummary.tsx
FN:22,ReviewSummary
FN:34,(anonymous_2)
FN:40,(anonymous_3)
FN:58,(anonymous_4)
FN:78,(anonymous_5)
FNF:5
FNH:0
FNDA:0,ReviewSummary
FNDA:0,(anonymous_2)
FNDA:0,(anonymous_3)
FNDA:0,(anonymous_4)
FNDA:0,(anonymous_5)
DA:3,0
DA:4,0
DA:5,0
DA:6,0
DA:7,0
DA:8,0
DA:9,0
DA:11,0
DA:12,0
DA:22,0
DA:29,0
DA:30,0
DA:31,0
DA:34,0
DA:35,0
DA:36,0
DA:40,0
DA:41,0
DA:42,0
DA:43,0
DA:45,0
DA:46,0
DA:48,0
DA:50,0
DA:51,0
DA:54,0
DA:58,0
DA:59,0
DA:60,0
DA:61,0
DA:63,0
DA:69,0
DA:71,0
DA:72,0
DA:74,0
DA:78,0
DA:79,0
DA:85,0
DA:87,0
DA:102,0
DA:118,0
DA:141,0
LF:42
LH:0
BRDA:26,0,0,0
BRDA:27,1,0,0
BRDA:29,2,0,0
BRDA:29,2,1,0
BRDA:35,3,0,0
BRDA:35,3,1,0
BRDA:35,4,0,0
BRDA:35,4,1,0
BRDA:50,5,0,0
BRDA:50,5,1,0
BRDA:51,6,0,0
BRDA:51,6,1,0
BRDA:72,7,0,0
BRDA:72,7,1,0
BRDA:85,8,0,0
BRDA:85,8,1,0
BRDA:87,9,0,0
BRDA:87,9,1,0
BRDA:102,10,0,0
BRDA:102,10,1,0
BRDA:118,11,0,0
BRDA:118,11,1,0
BRDA:148,12,0,0
BRDA:177,13,0,0
BRDA:177,13,1,0
BRDA:182,14,0,0
BRF:26
BRH:0
end_of_record
TN:
SF:src/components/ui/Alert.tsx
FN:12,(anonymous_2)
FNF:1
FNH:0
FNDA:0,(anonymous_2)
DA:1,0
DA:2,0
DA:11,0
DA:13,0
DA:20,0
DA:89,0
DA:91,0
LF:7
LH:0
BRDA:12,0,0,0
BRDA:58,1,0,0
BRDA:67,2,0,0
BRF:3
BRH:0
end_of_record
TN:
SF:src/components/ui/Badge.tsx
FN:11,(anonymous_2)
FNF:1
FNH:0
FNDA:0,(anonymous_2)
DA:1,0
DA:2,0
DA:10,0
DA:12,0
DA:14,0
DA:23,0
DA:46,0
DA:48,0
LF:8
LH:0
BRDA:11,0,0,0
BRDA:11,1,0,0
BRF:2
BRH:0
end_of_record
TN:
SF:src/components/ui/Button.tsx
FN:12,(anonymous_2)
FNF:1
FNH:1
FNDA:19,(anonymous_2)
DA:1,1
DA:2,1
DA:11,1
DA:13,19
DA:15,19
DA:24,19
DA:51,1
DA:53,19
LF:8
LH:8
BRDA:12,0,0,14
BRDA:12,1,0,17
BRDA:12,2,0,16
BRDA:39,3,0,19
BRDA:39,3,1,17
BRDA:42,4,0,19
BRF:6
BRH:6
end_of_record
TN:
SF:src/components/ui/Card.tsx
FNF:0
FNH:0
DA:1,0
DA:2,0
DA:23,0
DA:41,0
DA:59,0
DA:77,0
DA:91,0
DA:109,0
DA:111,0
LF:9
LH:0
BRF:0
BRH:0
end_of_record
TN:
SF:src/components/ui/ErrorBoundary.tsx
FN:20,(anonymous_7)
FN:43,(anonymous_8)
FN:47,(anonymous_9)
FN:25,(anonymous_10)
FN:29,(anonymous_11)
FN:51,(anonymous_12)
FN:116,(anonymous_13)
FN:117,(anonymous_14)
FN:127,(anonymous_15)
FNF:9
FNH:0
FNDA:0,(anonymous_7)
FNDA:0,(anonymous_8)
FNDA:0,(anonymous_9)
FNDA:0,(anonymous_10)
FNDA:0,(anonymous_11)
FNDA:0,(anonymous_12)
FNDA:0,(anonymous_13)
FNDA:0,(anonymous_14)
FNDA:0,(anonymous_15)
DA:3,0
DA:4,0
DA:5,0
DA:19,0
DA:21,0
DA:22,0
DA:26,0
DA:30,0
DA:33,0
DA:34,0
DA:38,0
DA:39,0
DA:43,0
DA:44,0
DA:47,0
DA:48,0
DA:52,0
DA:54,0
DA:55,0
DA:111,0
DA:116,0
DA:117,0
DA:119,0
DA:122,0
DA:127,0
DA:137,0
DA:139,0
LF:27
LH:0
BRDA:33,0,0,0
BRDA:33,0,1,0
BRDA:38,1,0,0
BRDA:38,1,1,0
BRDA:52,2,0,0
BRDA:52,2,1,0
BRDA:54,3,0,0
BRDA:54,3,1,0
BRDA:68,4,0,0
BRDA:68,4,1,0
BRDA:77,5,0,0
BRDA:137,6,0,0
BRDA:137,6,1,0
BRF:13
BRH:0
end_of_record
TN:
SF:src/components/ui/Input.tsx
FN:11,(anonymous_2)
FNF:1
FNH:0
FNDA:0,(anonymous_2)
DA:1,0
DA:2,0
DA:10,0
DA:12,0
DA:42,0
DA:44,0
LF:6
LH:0
BRDA:12,0,0,0
BRDA:12,0,1,0
BRDA:16,1,0,0
BRDA:25,2,0,0
BRDA:25,2,1,0
BRDA:31,3,0,0
BRDA:34,4,0,0
BRDA:34,4,1,0
BRF:8
BRH:0
end_of_record
TN:
SF:src/components/ui/Loading.tsx
FN:10,(anonymous_6)
FN:41,(anonymous_7)
FN:66,(anonymous_8)
FN:82,(anonymous_9)
FNF:4
FNH:0
FNDA:0,(anonymous_6)
FNDA:0,(anonymous_7)
FNDA:0,(anonymous_8)
FNDA:0,(anonymous_9)
DA:1,0
DA:2,0
DA:10,0
DA:15,0
DA:41,0
DA:45,0
DA:66,0
DA:82,0
DA:87,0
LF:9
LH:0
BRDA:11,0,0,0
BRDA:12,1,0,0
BRDA:29,2,0,0
BRDA:42,3,0,0
BRDA:43,4,0,0
BRDA:67,5,0,0
BRDA:84,6,0,0
BRDA:85,7,0,0
BRDA:87,8,0,0
BRDA:87,8,1,0
BRF:10
BRH:0
end_of_record
TN:
SF:src/components/ui/OptimizedImage.tsx
FN:30,(anonymous_11)
FN:59,(anonymous_12)
FN:67,(anonymous_13)
FN:75,(anonymous_14)
FN:82,(anonymous_15)
FN:105,(anonymous_16)
FN:120,(anonymous_17)
FN:255,(anonymous_21)
FN:259,(anonymous_22)
FN:263,(anonymous_23)
FN:298,(anonymous_24)
FN:314,(anonymous_25)
FNF:12
FNH:0
FNDA:0,(anonymous_11)
FNDA:0,(anonymous_12)
FNDA:0,(anonymous_13)
FNDA:0,(anonymous_14)
FNDA:0,(anonymous_15)
FNDA:0,(anonymous_16)
FNDA:0,(anonymous_17)
FNDA:0,(anonymous_21)
FNDA:0,(anonymous_22)
FNDA:0,(anonymous_23)
FNDA:0,(anonymous_24)
FNDA:0,(anonymous_25)
DA:3,0
DA:4,0
DA:5,0
DA:6,0
DA:30,0
DA:52,0
DA:53,0
DA:54,0
DA:55,0
DA:56,0
DA:59,0
DA:60,0
DA:61,0
DA:67,0
DA:68,0
DA:69,0
DA:75,0
DA:76,0
DA:77,0
DA:78,0
DA:82,0
DA:83,0
DA:85,0
DA:86,0
DA:87,0
DA:89,0
DA:92,0
DA:96,0
DA:105,0
DA:106,0
DA:108,0
DA:109,0
DA:112,0
DA:113,0
DA:116,0
DA:120,0
DA:121,0
DA:122,0
DA:123,0
DA:124,0
DA:126,0
DA:127,0
DA:128,0
DA:131,0
DA:134,0
DA:137,0
DA:225,0
DA:234,0
DA:243,0
DA:253,0
DA:255,0
DA:256,0
DA:257,0
DA:259,0
DA:260,0
DA:262,0
DA:263,0
DA:264,0
DA:265,0
DA:267,0
DA:298,0
DA:315,0
LF:62
LH:0
BRDA:36,0,0,0
BRDA:37,1,0,0
BRDA:38,2,0,0
BRDA:41,3,0,0
BRDA:42,4,0,0
BRDA:47,5,0,0
BRDA:48,6,0,0
BRDA:49,7,0,0
BRDA:60,8,0,0
BRDA:60,8,1,0
BRDA:60,9,0,0
BRDA:60,9,1,0
BRDA:68,10,0,0
BRDA:68,10,1,0
BRDA:85,11,0,0
BRDA:85,11,1,0
BRDA:85,12,0,0
BRDA:85,12,1,0
BRDA:96,13,0,0
BRDA:96,13,1,0
BRDA:97,14,0,0
BRDA:97,14,1,0
BRDA:99,15,0,0
BRDA:99,15,1,0
BRDA:106,16,0,0
BRDA:106,16,1,0
BRDA:108,17,0,0
BRDA:108,17,1,0
BRDA:108,18,0,0
BRDA:108,18,1,0
BRDA:108,18,2,0
BRDA:112,19,0,0
BRDA:112,19,1,0
BRDA:112,20,0,0
BRDA:112,20,1,0
BRDA:112,20,2,0
BRDA:120,21,0,0
BRDA:120,22,0,0
BRDA:126,23,0,0
BRDA:126,23,1,0
BRDA:134,24,0,0
BRDA:134,24,1,0
BRDA:137,25,0,0
BRDA:137,25,1,0
BRDA:142,26,0,0
BRDA:142,26,1,0
BRDA:146,27,0,0
BRDA:146,27,1,0
BRDA:147,28,0,0
BRDA:147,28,1,0
BRDA:175,29,0,0
BRDA:175,29,1,0
BRDA:179,30,0,0
BRDA:179,30,1,0
BRDA:180,31,0,0
BRDA:180,31,1,0
BRDA:184,32,0,0
BRDA:184,32,1,0
BRDA:205,33,0,0
BRDA:205,33,1,0
BRDA:212,34,0,0
BRDA:212,34,1,0
BRDA:213,35,0,0
BRDA:213,35,1,0
BRDA:213,36,0,0
BRDA:213,36,1,0
BRDA:216,37,0,0
BRDA:216,37,1,0
BRDA:256,38,0,0
BRDA:256,38,1,0
BRDA:260,39,0,0
BRDA:260,39,1,0
BRDA:260,40,0,0
BRDA:260,40,1,0
BRDA:277,41,0,0
BRDA:277,41,1,0
BRDA:277,42,0,0
BRDA:277,42,1,0
BRDA:302,43,0,0
BRDA:303,44,0,0
BRF:80
BRH:0
end_of_record
TN:
SF:src/components/ui/Skeleton.tsx
FN:8,(anonymous_11)
FN:21,(anonymous_12)
FN:27,(anonymous_13)
FN:40,(anonymous_14)
FN:59,(anonymous_15)
FN:72,(anonymous_16)
FN:93,(anonymous_17)
FN:141,(anonymous_18)
FN:148,(anonymous_19)
FN:159,(anonymous_20)
FN:168,(anonymous_21)
FN:174,(anonymous_22)
FN:176,(anonymous_23)
FN:185,(anonymous_24)
FN:189,(anonymous_25)
FN:211,(anonymous_26)
FN:214,(anonymous_27)
FNF:17
FNH:0
FNDA:0,(anonymous_11)
FNDA:0,(anonymous_12)
FNDA:0,(anonymous_13)
FNDA:0,(anonymous_14)
FNDA:0,(anonymous_15)
FNDA:0,(anonymous_16)
FNDA:0,(anonymous_17)
FNDA:0,(anonymous_18)
FNDA:0,(anonymous_19)
FNDA:0,(anonymous_20)
FNDA:0,(anonymous_21)
FNDA:0,(anonymous_22)
FNDA:0,(anonymous_23)
FNDA:0,(anonymous_24)
FNDA:0,(anonymous_25)
FNDA:0,(anonymous_26)
FNDA:0,(anonymous_27)
DA:1,0
DA:2,0
DA:8,0
DA:21,0
DA:28,0
DA:40,0
DA:59,0
DA:73,0
DA:93,0
DA:137,0
DA:141,0
DA:149,0
DA:155,0
DA:159,0
DA:169,0
DA:175,0
DA:177,0
DA:185,0
DA:190,0
DA:211,0
DA:215,0
LF:21
LH:0
BRDA:22,0,0,0
BRDA:32,1,0,0
BRDA:32,1,1,0
BRDA:32,2,0,0
BRDA:32,2,1,0
BRDA:142,3,0,0
BRDA:143,4,0,0
BRDA:160,5,0,0
BRDA:161,6,0,0
BRF:9
BRH:0
end_of_record
TN:
SF:src/components/ui/Textarea.tsx
FN:11,(anonymous_2)
FNF:1
FNH:0
FNDA:0,(anonymous_2)
DA:1,0
DA:2,0
DA:10,0
DA:12,0
DA:42,0
DA:44,0
LF:6
LH:0
BRDA:12,0,0,0
BRDA:12,0,1,0
BRDA:16,1,0,0
BRDA:25,2,0,0
BRDA:25,2,1,0
BRDA:31,3,0,0
BRDA:34,4,0,0
BRDA:34,4,1,0
BRF:8
BRH:0
end_of_record
TN:
SF:src/components/ui/Toast.tsx
FN:30,(anonymous_7)
FN:39,(anonymous_8)
FN:43,(anonymous_9)
FN:45,(anonymous_10)
FN:47,(anonymous_11)
FN:49,(anonymous_12)
FN:59,(anonymous_13)
FN:65,(anonymous_14)
FN:73,(anonymous_15)
FN:81,(anonymous_16)
FN:82,(anonymous_17)
FN:82,(anonymous_18)
FN:89,(anonymous_19)
FN:90,(anonymous_20)
FN:90,(anonymous_21)
FN:93,(anonymous_22)
FN:110,(anonymous_23)
FN:113,(anonymous_24)
FN:121,(anonymous_25)
FN:134,(anonymous_26)
FN:138,(anonymous_27)
FN:140,(anonymous_28)
FN:141,(anonymous_29)
FN:144,(anonymous_30)
FN:146,(anonymous_31)
FNF:25
FNH:0
FNDA:0,(anonymous_7)
FNDA:0,(anonymous_8)
FNDA:0,(anonymous_9)
FNDA:0,(anonymous_10)
FNDA:0,(anonymous_11)
FNDA:0,(anonymous_12)
FNDA:0,(anonymous_13)
FNDA:0,(anonymous_14)
FNDA:0,(anonymous_15)
FNDA:0,(anonymous_16)
FNDA:0,(anonymous_17)
FNDA:0,(anonymous_18)
FNDA:0,(anonymous_19)
FNDA:0,(anonymous_20)
FNDA:0,(anonymous_21)
FNDA:0,(anonymous_22)
FNDA:0,(anonymous_23)
FNDA:0,(anonymous_24)
FNDA:0,(anonymous_25)
FNDA:0,(anonymous_26)
FNDA:0,(anonymous_27)
FNDA:0,(anonymous_28)
FNDA:0,(anonymous_29)
FNDA:0,(anonymous_30)
FNDA:0,(anonymous_31)
DA:3,0
DA:4,0
DA:5,0
DA:28,0
DA:30,0
DA:31,0
DA:32,0
DA:33,0
DA:35,0
DA:39,0
DA:40,0
DA:42,0
DA:44,0
DA:46,0
DA:48,0
DA:50,0
DA:59,0
DA:63,0
DA:65,0
DA:66,0
DA:67,0
DA:73,0
DA:74,0
DA:76,0
DA:80,0
DA:81,0
DA:82,0
DA:86,0
DA:89,0
DA:90,0
DA:93,0
DA:94,0
DA:110,0
DA:111,0
DA:113,0
DA:114,0
DA:117,0
DA:119,0
DA:122,0
DA:134,0
DA:135,0
DA:136,0
DA:138,0
DA:140,0
DA:141,0
DA:144,0
DA:145,0
DA:146,0
DA:149,0
DA:156,0
LF:50
LH:0
BRDA:32,0,0,0
BRDA:32,0,1,0
BRDA:61,1,0,0
BRDA:80,2,0,0
BRDA:80,2,1,0
BRDA:80,3,0,0
BRDA:80,3,1,0
BRDA:117,4,0,0
BRDA:117,4,1,0
BRDA:184,5,0,0
BRDA:184,5,1,0
BRDA:184,6,0,0
BRDA:184,6,1,0
BRDA:185,7,0,0
BRDA:185,7,1,0
BRDA:193,8,0,0
BRDA:201,9,0,0
BRF:17
BRH:0
end_of_record
TN:
SF:src/components/ui/index.ts
FNF:0
FNH:0
DA:2,0
DA:3,0
DA:4,0
DA:5,0
DA:6,0
DA:7,0
DA:8,0
DA:11,0
DA:13,0
DA:14,0
DA:15,0
DA:18,0
DA:20,0
DA:21,0
DA:22,0
DA:23,0
DA:24,0
DA:25,0
DA:26,0
DA:27,0
DA:28,0
DA:29,0
DA:33,0
DA:34,0
DA:35,0
DA:36,0
DA:37,0
DA:38,0
DA:41,0
LF:29
LH:0
BRF:0
BRH:0
end_of_record
TN:
SF:src/components/user/UserList.tsx
FN:18,(anonymous_4)
FN:29,(anonymous_5)
FN:42,(anonymous_6)
FN:55,(anonymous_7)
FN:68,(anonymous_8)
FN:87,(anonymous_9)
FN:102,(anonymous_10)
FN:118,(anonymous_11)
FN:147,(anonymous_12)
FN:173,(anonymous_13)
FN:232,(anonymous_14)
FN:240,(anonymous_15)
FNF:12
FNH:0
FNDA:0,(anonymous_4)
FNDA:0,(anonymous_5)
FNDA:0,(anonymous_6)
FNDA:0,(anonymous_7)
FNDA:0,(anonymous_8)
FNDA:0,(anonymous_9)
FNDA:0,(anonymous_10)
FNDA:0,(anonymous_11)
FNDA:0,(anonymous_12)
FNDA:0,(anonymous_13)
FNDA:0,(anonymous_14)
FNDA:0,(anonymous_15)
DA:3,0
DA:5,0
DA:6,0
DA:7,0
DA:18,0
DA:26,0
DA:27,0
DA:29,0
DA:30,0
DA:32,0
DA:33,0
DA:34,0
DA:36,0
DA:38,0
DA:42,0
DA:43,0
DA:45,0
DA:46,0
DA:47,0
DA:49,0
DA:51,0
DA:55,0
DA:56,0
DA:58,0
DA:59,0
DA:60,0
DA:62,0
DA:64,0
DA:68,0
DA:69,0
DA:71,0
DA:73,0
DA:75,0
DA:77,0
DA:79,0
DA:81,0
DA:83,0
DA:87,0
DA:88,0
DA:90,0
DA:92,0
DA:94,0
DA:96,0
DA:98,0
DA:102,0
DA:103,0
DA:105,0
DA:107,0
DA:109,0
DA:111,0
DA:115,0
DA:119,0
DA:133,0
DA:148,0
DA:173,0
DA:232,0
DA:240,0
LF:57
LH:0
BRDA:20,0,0,0
BRDA:24,1,0,0
BRDA:30,2,0,0
BRDA:30,2,1,0
BRDA:43,3,0,0
BRDA:43,3,1,0
BRDA:56,4,0,0
BRDA:56,4,1,0
BRDA:69,5,0,0
BRDA:69,5,1,0
BRDA:69,5,2,0
BRDA:69,5,3,0
BRDA:69,5,4,0
BRDA:69,5,5,0
BRDA:69,5,6,0
BRDA:88,6,0,0
BRDA:88,6,1,0
BRDA:88,6,2,0
BRDA:88,6,3,0
BRDA:88,6,4,0
BRDA:103,7,0,0
BRDA:103,7,1,0
BRDA:103,7,2,0
BRDA:103,7,3,0
BRDA:115,8,0,0
BRDA:115,8,1,0
BRDA:133,9,0,0
BRDA:133,9,1,0
BRDA:173,10,0,0
BRDA:173,10,1,0
BRDA:178,11,0,0
BRDA:178,11,1,0
BRDA:192,12,0,0
BRDA:231,13,0,0
BRDA:236,14,0,0
BRDA:236,14,1,0
BRDA:244,15,0,0
BRDA:244,15,1,0
BRF:38
BRH:0
end_of_record
TN:
SF:src/components/user/UserProfile.tsx
FN:14,(anonymous_4)
FN:24,(anonymous_5)
FN:25,(anonymous_6)
FN:40,(anonymous_7)
FN:46,(anonymous_8)
FN:52,(anonymous_9)
FN:59,(anonymous_10)
FN:76,(anonymous_11)
FN:84,(anonymous_12)
FN:103,(anonymous_13)
FN:164,(anonymous_14)
FNF:11
FNH:0
FNDA:0,(anonymous_4)
FNDA:0,(anonymous_5)
FNDA:0,(anonymous_6)
FNDA:0,(anonymous_7)
FNDA:0,(anonymous_8)
FNDA:0,(anonymous_9)
[...]
FNDA:8,(anonymous_10)
FNDA:0,(anonymous_11)
FNDA:7,(anonymous_12)
FNDA:4,(anonymous_13)
FNDA:3,(anonymous_14)
FNDA:4,(anonymous_15)
FNDA:2,(anonymous_16)
FNDA:4,(anonymous_17)
DA:8,1
DA:9,1
DA:33,1
DA:34,13
DA:44,1
DA:45,11
DA:53,8
DA:55,21
DA:56,8
DA:60,13
DA:61,0
DA:65,13
DA:66,2
DA:78,11
DA:79,1
DA:91,10
DA:92,9
DA:104,1
DA:116,1
DA:117,8
DA:118,8
DA:119,8
DA:120,8
DA:123,8
DA:124,0
DA:125,0
DA:127,0
DA:128,0
DA:129,0
DA:130,0
DA:132,8
DA:133,0
DA:134,0
DA:135,8
DA:136,0
DA:137,0
DA:138,8
DA:139,0
DA:140,0
DA:143,8
DA:155,1
DA:156,0
DA:158,0
DA:159,0
DA:160,0
DA:161,0
DA:162,0
DA:163,0
DA:164,0
DA:165,0
DA:168,0
DA:180,6
DA:181,7
DA:183,7
DA:184,7
DA:187,1
DA:195,7
DA:196,7
DA:197,7
DA:200,7
DA:201,1
DA:202,6
DA:203,1
DA:204,5
DA:205,1
DA:206,4
DA:207,2
DA:209,2
DA:214,4
DA:220,4
DA:222,4
DA:223,7
DA:224,7
DA:226,5
DA:227,5
DA:230,5
DA:231,1
DA:235,4
DA:239,4
DA:240,1
DA:244,3
DA:245,3
DA:250,2
DA:251,2
DA:259,0
DA:267,4
DA:271,4
DA:272,4
DA:280,3
DA:281,1
DA:284,2
DA:287,2
DA:288,2
DA:297,2
DA:302,2
DA:304,2
DA:320,2
DA:321,0
DA:326,2
DA:333,4
DA:334,4
DA:337,4
DA:338,2
DA:339,1
DA:341,1
DA:342,0
DA:346,3
DA:347,1
DA:348,0
DA:350,1
DA:351,0
DA:355,3
LF:112
LH:84
BRDA:35,0,0,13
BRDA:35,0,1,11
BRDA:35,0,2,11
BRDA:35,0,3,11
BRDA:35,0,4,11
BRDA:46,1,0,11
BRDA:46,1,1,10
BRDA:46,1,2,10
BRDA:55,2,0,8
BRDA:55,2,1,13
BRDA:60,3,0,0
BRDA:60,3,1,13
BRDA:65,4,0,2
BRDA:65,4,1,11
BRDA:73,5,0,2
BRDA:73,5,1,0
BRDA:78,6,0,1
BRDA:78,6,1,10
BRDA:86,7,0,1
BRDA:86,7,1,0
BRDA:91,8,0,9
BRDA:91,8,1,1
BRDA:123,9,0,0
BRDA:123,9,1,8
BRDA:127,10,0,0
BRDA:127,10,1,0
BRDA:132,11,0,0
BRDA:132,11,1,8
BRDA:135,12,0,0
BRDA:135,12,1,8
BRDA:138,13,0,0
BRDA:138,13,1,8
BRDA:138,14,0,8
BRDA:138,14,1,8
BRDA:158,15,0,0
BRDA:158,15,1,0
BRDA:160,16,0,0
BRDA:160,16,1,0
BRDA:162,17,0,0
BRDA:162,17,1,0
BRDA:164,18,0,0
BRDA:164,18,1,0
BRDA:190,19,0,1
BRDA:190,19,1,0
BRDA:195,20,0,7
BRDA:195,20,1,0
BRDA:196,21,0,7
BRDA:196,21,1,0
BRDA:197,22,0,7
BRDA:197,22,1,0
BRDA:200,23,0,1
BRDA:200,23,1,6
BRDA:202,24,0,1
BRDA:202,24,1,5
BRDA:204,25,0,1
BRDA:204,25,1,4
BRDA:206,26,0,2
BRDA:206,26,1,2
BRDA:206,27,0,4
BRDA:206,27,1,4
BRDA:216,28,0,0
BRDA:217,29,0,2
BRDA:230,30,0,1
BRDA:230,30,1,4
BRDA:235,31,0,3
BRDA:235,31,1,1
BRDA:239,32,0,1
BRDA:239,32,1,3
BRDA:250,33,0,2
BRDA:250,33,1,0
BRDA:269,34,0,3
BRDA:280,35,0,1
BRDA:280,35,1,2
BRDA:314,36,0,2
BRDA:314,36,1,0
BRDA:315,37,0,2
BRDA:315,37,1,0
BRDA:320,38,0,0
BRDA:320,38,1,2
BRDA:326,39,0,0
BRDA:326,39,1,2
BRDA:337,40,0,2
BRDA:337,40,1,2
BRDA:338,41,0,1
BRDA:338,41,1,1
BRDA:341,42,0,0
BRDA:341,42,1,1
BRDA:346,43,0,1
BRDA:346,43,1,2
BRDA:347,44,0,0
BRDA:347,44,1,1
BRDA:350,45,0,0
BRDA:350,45,1,1
BRF:93
BRH:63
end_of_record
TN:
SF:src/lib/utils/imageOptimization.ts
FN:22,(anonymous_8)
FN:34,(anonymous_9)
FN:44,(anonymous_10)
FN:67,(anonymous_11)
FN:96,(anonymous_12)
FN:105,(anonymous_13)
FN:134,(anonymous_14)
FN:144,(anonymous_15)
FN:150,(anonymous_16)
FN:154,(anonymous_17)
FN:159,(anonymous_18)
FN:164,(anonymous_19)
FN:169,(anonymous_20)
FN:171,(anonymous_21)
FN:181,(anonymous_22)
FN:182,(anonymous_23)
FN:185,(anonymous_24)
FN:189,(anonymous_25)
FN:197,(anonymous_26)
FN:199,(anonymous_27)
FN:219,(anonymous_28)
FN:249,(anonymous_29)
FN:263,(anonymous_30)
FN:264,(anonymous_31)
FN:272,(anonymous_32)
FN:280,(anonymous_33)
FN:281,(anonymous_34)
FN:297,(anonymous_35)
FN:302,(anonymous_36)
FN:306,(anonymous_37)
FNF:30
FNH:30
FNDA:7,(anonymous_8)
FNDA:7,(anonymous_9)
FNDA:5,(anonymous_10)
FNDA:5,(anonymous_11)
FNDA:1,(anonymous_12)
FNDA:5,(anonymous_13)
FNDA:5,(anonymous_14)
FNDA:4,(anonymous_15)
FNDA:1,(anonymous_16)
FNDA:2,(anonymous_17)
FNDA:5,(anonymous_18)
FNDA:7,(anonymous_19)
FNDA:6,(anonymous_20)
FNDA:5,(anonymous_21)
FNDA:1,(anonymous_22)
FNDA:2,(anonymous_23)
FNDA:3,(anonymous_24)
FNDA:1,(anonymous_25)
FNDA:3,(anonymous_26)
FNDA:3,(anonymous_27)
FNDA:4,(anonymous_28)
FNDA:3,(anonymous_29)
FNDA:12,(anonymous_30)
FNDA:9,(anonymous_31)
FNDA:6,(anonymous_32)
FNDA:1,(anonymous_33)
FNDA:1,(anonymous_34)
FNDA:1,(anonymous_35)
FNDA:1,(anonymous_36)
FNDA:1,(anonymous_37)
DA:22,5
DA:32,7
DA:34,7
DA:35,7
DA:36,7
DA:37,7
DA:39,7
DA:40,3
DA:41,3
DA:44,4
DA:46,5
DA:53,5
DA:54,5
DA:57,5
DA:58,5
DA:61,5
DA:64,5
DA:66,5
DA:68,5
DA:69,1
DA:70,1
DA:73,4
DA:78,4
DA:89,4
DA:96,4
DA:97,1
DA:100,4
DA:105,1
DA:111,5
DA:113,5
DA:114,5
DA:117,5
DA:118,5
DA:119,5
DA:122,5
DA:123,0
DA:124,0
DA:127,5
DA:134,1
DA:135,5
DA:140,5
DA:144,1
DA:145,4
DA:146,4
DA:150,1
DA:154,2
DA:155,1
DA:159,5
DA:160,5
DA:161,5
DA:163,5
DA:165,7
DA:166,1
DA:169,6
DA:170,6
DA:171,6
DA:172,5
DA:173,5
DA:174,5
DA:176,6
DA:177,6
DA:182,2
DA:186,3
DA:190,1
DA:191,1
DA:197,3
DA:199,3
DA:200,3
DA:201,3
DA:202,3
DA:203,3
DA:206,3
DA:207,1
DA:211,2
DA:212,1
DA:215,1
DA:219,4
DA:220,4
DA:221,4
DA:222,4
DA:224,4
DA:225,1
DA:231,3
DA:232,1
DA:238,2
DA:239,1
DA:245,1
DA:249,3
DA:253,3
DA:255,3
DA:262,3
DA:263,12
DA:264,9
DA:272,6
DA:273,6
DA:280,6
DA:281,1
DA:282,1
DA:283,1
DA:284,1
DA:286,1
DA:287,1
DA:288,1
DA:289,1
DA:290,1
DA:296,6
DA:298,1
DA:299,0
DA:303,1
DA:307,1
LF:110
LH:107
BRDA:24,0,0,4
BRDA:27,1,0,6
BRDA:28,2,0,6
BRDA:29,3,0,6
BRDA:30,4,0,6
BRDA:31,5,0,7
BRDA:39,6,0,3
BRDA:39,6,1,4
BRDA:68,7,0,1
BRDA:68,7,1,4
BRDA:117,8,0,5
BRDA:117,8,1,0
BRDA:122,9,0,0
BRDA:122,9,1,5
BRDA:140,10,0,5
BRDA:140,10,1,0
BRDA:152,11,0,1
BRDA:165,12,0,1
BRDA:165,12,1,6
BRDA:206,13,0,1
BRDA:206,13,1,2
BRDA:211,14,0,1
BRDA:211,14,1,1
BRDA:224,15,0,1
BRDA:224,15,1,3
BRDA:231,16,0,1
BRDA:231,16,1,2
BRDA:238,17,0,1
BRDA:238,17,1,1
BRDA:272,18,0,5
BRDA:282,19,0,1
BRDA:282,19,1,0
BRDA:286,20,0,1
BRDA:286,20,1,0
BRF:34
BRH:29
end_of_record
TN:
SF:src/lib/utils/index.ts
FN:5,cn
FN:10,(anonymous_28)
FN:18,(anonymous_29)
FN:28,(anonymous_30)
FN:55,(anonymous_31)
FN:60,(anonymous_32)
FN:66,(anonymous_33)
FN:75,(anonymous_34)
FN:79,(anonymous_35)
FN:83,(anonymous_36)
FN:89,(anonymous_37)
FN:94,(anonymous_38)
FN:103,(anonymous_39)
FN:111,(anonymous_40)
FN:117,(anonymous_41)
FN:127,(anonymous_42)
FN:128,(anonymous_43)
FN:138,(anonymous_44)
FN:139,(anonymous_45)
FN:150,(anonymous_46)
FN:154,(anonymous_47)
FN:173,(anonymous_48)
FN:184,(anonymous_49)
FN:194,(anonymous_50)
FN:205,(anonymous_51)
FN:211,(anonymous_52)
FN:213,(anonymous_53)
FN:218,(anonymous_54)
FN:224,(anonymous_55)
FN:228,(anonymous_56)
FN:234,(anonymous_57)
FN:246,(anonymous_58)
FN:251,(anonymous_59)
FN:252,(anonymous_60)
FN:257,(anonymous_61)
FN:265,(anonymous_62)
FNF:36
FNH:34
FNDA:22,cn
FNDA:3,(anonymous_28)
FNDA:1,(anonymous_29)
FNDA:5,(anonymous_30)
FNDA:3,(anonymous_31)
FNDA:2,(anonymous_32)
FNDA:4,(anonymous_33)
FNDA:2,(anonymous_34)
FNDA:3,(anonymous_35)
FNDA:5,(anonymous_36)
FNDA:7,(anonymous_37)
FNDA:6,(anonymous_38)
FNDA:3,(anonymous_39)
FNDA:2,(anonymous_40)
FNDA:3,(anonymous_41)
FNDA:1,(anonymous_42)
FNDA:3,(anonymous_43)
FNDA:2,(anonymous_44)
FNDA:8,(anonymous_45)
FNDA:2,(anonymous_46)
FNDA:3,(anonymous_47)
FNDA:3,(anonymous_48)
FNDA:2,(anonymous_49)
FNDA:2,(anonymous_50)
FNDA:1,(anonymous_51)
FNDA:3,(anonymous_52)
FNDA:1,(anonymous_53)
FNDA:1,(anonymous_54)
FNDA:4,(anonymous_55)
FNDA:1,(anonymous_56)
FNDA:3,(anonymous_57)
FNDA:2,(anonymous_58)
FNDA:1,(anonymous_59)
FNDA:1,(anonymous_60)
FNDA:0,(anonymous_61)
FNDA:0,(anonymous_62)
DA:1,2
DA:2,2
DA:5,22
DA:6,22
DA:10,2
DA:11,3
DA:18,2
DA:19,1
DA:28,5
DA:29,5
DA:30,5
DA:32,5
DA:33,1
DA:36,4
DA:37,4
DA:38,1
DA:41,3
DA:42,3
DA:43,1
DA:46,2
DA:47,2
DA:48,1
DA:51,1
DA:55,3
DA:56,3
DA:57,1
DA:60,2
DA:61,2
DA:66,4
DA:67,4
DA:75,2
DA:76,2
DA:79,3
DA:80,3
DA:83,5
DA:84,5
DA:85,4
DA:89,7
DA:90,7
DA:91,7
DA:94,6
DA:95,6
DA:96,6
DA:97,3
DA:99,3
DA:103,3
DA:104,3
DA:105,3
DA:107,3
DA:111,2
DA:112,2
DA:113,1
DA:116,1
DA:117,1
DA:118,3
DA:119,3
DA:120,1
DA:122,2
DA:123,2
DA:127,2
DA:128,1
DA:129,3
DA:130,3
DA:131,2
DA:133,3
DA:134,3
DA:138,2
DA:139,2
DA:140,8
DA:141,8
DA:143,8
DA:144,4
DA:145,0
DA:150,2
DA:151,2
DA:154,3
DA:155,3
DA:160,3
DA:165,3
DA:166,3
DA:167,3
DA:169,3
DA:173,3
DA:174,3
DA:176,3
DA:177,3
DA:178,3
DA:180,1
DA:184,2
DA:185,2
DA:187,2
DA:188,2
DA:190,1
DA:194,2
DA:195,2
DA:197,2
DA:198,2
DA:200,1
DA:205,2
DA:211,1
DA:212,3
DA:213,3
DA:218,2
DA:224,1
DA:225,4
DA:226,2
DA:227,2
DA:228,2
DA:234,3
DA:235,3
DA:236,1
DA:239,2
DA:240,1
DA:243,1
DA:246,2
DA:247,2
DA:251,2
DA:252,1
DA:253,1
DA:254,1
DA:255,1
DA:257,1
DA:258,0
DA:259,0
DA:260,0
DA:262,0
DA:264,0
DA:266,0
DA:270,0
DA:277,1
LF:130
LH:122
BRDA:10,0,0,0
BRDA:18,1,0,0
BRDA:28,2,0,5
BRDA:32,3,0,1
BRDA:32,3,1,4
BRDA:37,4,0,1
BRDA:37,4,1,3
BRDA:42,5,0,1
BRDA:42,5,1,2
BRDA:47,6,0,1
BRDA:47,6,1,1
BRDA:56,7,0,2
BRDA:56,7,1,1
BRDA:75,8,0,0
BRDA:84,9,0,1
BRDA:84,9,1,4
BRDA:107,10,0,3
BRDA:107,10,1,2
BRDA:112,11,0,1
BRDA:112,11,1,1
BRDA:119,12,0,1
BRDA:119,12,1,2
BRDA:130,13,0,2
BRDA:130,13,1,1
BRDA:138,14,0,0
BRDA:143,15,0,4
BRDA:143,15,1,4
BRDA:143,16,0,2
BRDA:143,16,1,2
BRDA:144,17,0,4
BRDA:144,17,1,0
BRDA:144,18,0,2
BRDA:144,18,1,2
BRDA:174,19,0,0
BRDA:174,19,1,3
BRDA:178,20,0,2
BRDA:178,20,1,1
BRDA:185,21,0,0
BRDA:185,21,1,2
BRDA:195,22,0,0
BRDA:195,22,1,2
BRDA:225,23,0,2
BRDA:225,23,1,2
BRDA:235,24,0,1
BRDA:235,24,1,2
BRDA:239,25,0,1
BRDA:239,25,1,1
BRDA:247,26,0,2
BRDA:247,26,1,1
BRDA:247,26,2,1
BRDA:251,27,0,0
BRDA:251,28,0,0
BRF:52
BRH:42
end_of_record
TN:
SF:src/lib/utils/performance.ts
FN:25,(anonymous_10)
FN:30,(anonymous_11)
FN:46,(anonymous_12)
FN:79,(anonymous_13)
FN:84,(anonymous_14)
FN:89,(anonymous_15)
FN:94,(anonymous_16)
FN:107,(anonymous_17)
FN:111,(anonymous_18)
FN:112,(anonymous_19)
FN:119,(anonymous_20)
FN:127,(anonymous_21)
FN:135,(anonymous_22)
FN:137,(anonymous_23)
FN:146,(anonymous_24)
FN:155,(anonymous_25)
FN:162,(anonymous_26)
FN:174,(anonymous_27)
FN:175,(anonymous_28)
FN:184,(anonymous_29)
FN:188,(anonymous_30)
FN:198,(anonymous_31)
FN:218,(anonymous_32)
FN:227,(anonymous_33)
FN:237,(anonymous_34)
FN:252,(anonymous_35)
FN:257,(anonymous_36)
FN:262,(anonymous_37)
FN:274,(anonymous_38)
FN:283,(anonymous_39)
FN:288,(anonymous_40)
FN:303,(anonymous_41)
FN:312,(anonymous_43)
FN:319,(anonymous_44)
FN:324,(anonymous_45)
FN:338,(anonymous_46)
FN:351,(anonymous_47)
FN:366,(anonymous_48)
FNF:38
FNH:0
FNDA:0,(anonymous_10)
FNDA:0,(anonymous_11)
FNDA:0,(anonymous_12)
FNDA:0,(anonymous_13)
FNDA:0,(anonymous_14)
FNDA:0,(anonymous_15)
FNDA:0,(anonymous_16)
FNDA:0,(anonymous_17)
FNDA:0,(anonymous_18)
FNDA:0,(anonymous_19)
FNDA:0,(anonymous_20)
FNDA:0,(anonymous_21)
FNDA:0,(anonymous_22)
FNDA:0,(anonymous_23)
FNDA:0,(anonymous_24)
FNDA:0,(anonymous_25)
FNDA:0,(anonymous_26)
FNDA:0,(anonymous_27)
FNDA:0,(anonymous_28)
FNDA:0,(anonymous_29)
FNDA:0,(anonymous_30)
FNDA:0,(anonymous_31)
FNDA:0,(anonymous_32)
FNDA:0,(anonymous_33)
FNDA:0,(anonymous_34)
FNDA:0,(anonymous_35)
FNDA:0,(anonymous_36)
FNDA:0,(anonymous_37)
FNDA:0,(anonymous_38)
FNDA:0,(anonymous_39)
FNDA:0,(anonymous_40)
FNDA:0,(anonymous_41)
FNDA:0,(anonymous_43)
FNDA:0,(anonymous_44)
FNDA:0,(anonymous_45)
FNDA:0,(anonymous_46)
FNDA:0,(anonymous_47)
FNDA:0,(anonymous_48)
DA:20,0
DA:21,0
DA:22,0
DA:23,0
DA:26,0
DA:31,0
DA:37,0
DA:40,0
DA:41,0
DA:47,0
DA:49,0
DA:50,0
DA:51,0
DA:54,0
DA:55,0
DA:57,0
DA:58,0
DA:61,0
DA:62,0
DA:63,0
DA:64,0
DA:66,0
DA:71,0
DA:72,0
DA:75,0
DA:80,0
DA:85,0
DA:90,0
DA:95,0
DA:97,0
DA:98,0
DA:101,0
DA:102,0
DA:108,0
DA:111,0
DA:112,0
DA:113,0
DA:114,0
DA:119,0
DA:120,0
DA:121,0
DA:122,0
DA:127,0
DA:128,0
DA:129,0
DA:130,0
DA:135,0
DA:136,0
DA:137,0
DA:138,0
DA:139,0
DA:142,0
DA:146,0
DA:147,0
DA:148,0
DA:149,0
DA:159,0
DA:161,0
DA:162,0
DA:163,0
DA:166,0
DA:167,0
DA:169,0
DA:175,0
DA:176,0
DA:181,0
DA:184,0
DA:188,0
DA:189,0
DA:191,0
DA:193,0
DA:194,0
DA:197,0
DA:198,0
DA:199,0
DA:203,0
DA:204,0
DA:206,0
DA:207,0
DA:213,0
DA:214,0
DA:215,0
DA:219,0
DA:220,0
DA:223,0
DA:224,0
DA:227,0
DA:228,0
DA:229,0
DA:230,0
DA:231,0
DA:233,0
DA:234,0
DA:237,0
DA:238,0
DA:239,0
DA:242,0
DA:244,0
DA:247,0
DA:248,0
DA:253,0
DA:254,0
DA:257,0
DA:258,0
DA:259,0
DA:260,0
DA:262,0
DA:263,0
DA:264,0
DA:267,0
DA:269,0
DA:275,0
DA:276,0
DA:279,0
DA:280,0
DA:283,0
DA:284,0
DA:285,0
DA:286,0
DA:288,0
DA:289,0
DA:290,0
DA:293,0
DA:295,0
DA:298,0
DA:299,0
DA:304,0
DA:309,0
DA:312,0
DA:313,0
DA:315,0
DA:316,0
DA:318,0
DA:319,0
DA:324,0
DA:331,0
DA:332,0
DA:334,0
DA:338,0
DA:339,0
DA:340,0
DA:347,0
DA:351,0
DA:352,0
DA:353,0
DA:354,0
DA:362,0
DA:366,0
DA:367,0
DA:369,0
DA:370,0
DA:373,0
DA:374,0
DA:377,0
DA:378,0
DA:381,0
DA:382,0
DA:385,0
DA:386,0
DA:389,0
LF:160
LH:0
BRDA:40,0,0,0
BRDA:40,0,1,0
BRDA:49,1,0,0
BRDA:49,1,1,0
BRDA:61,2,0,0
BRDA:61,2,1,0
BRDA:61,3,0,0
BRDA:61,3,1,0
BRDA:71,4,0,0
BRDA:71,4,1,0
BRDA:80,5,0,0
BRDA:80,5,1,0
BRDA:97,6,0,0
BRDA:97,6,1,0
BRDA:101,7,0,0
BRDA:101,7,1,0
BRDA:108,8,0,0
BRDA:108,8,1,0
BRDA:113,9,0,0
BRDA:113,9,1,0
BRDA:121,10,0,0
BRDA:121,10,1,0
BRDA:129,11,0,0
BRDA:129,11,1,0
BRDA:129,12,0,0
BRDA:129,12,1,0
BRDA:138,13,0,0
BRDA:138,13,1,0
BRDA:148,14,0,0
BRDA:148,14,1,0
BRDA:159,15,0,0
BRDA:159,15,1,0
BRDA:189,16,0,0
BRDA:189,16,1,0
BRDA:189,16,2,0
BRDA:197,17,0,0
BRDA:197,17,1,0
BRDA:219,18,0,0
BRDA:219,18,1,0
BRDA:223,19,0,0
BRDA:223,19,1,0
BRDA:233,20,0,0
BRDA:233,20,1,0
BRDA:253,21,0,0
BRDA:253,21,1,0
BRDA:274,22,0,0
BRDA:275,23,0,0
BRDA:275,23,1,0
BRDA:279,24,0,0
BRDA:279,24,1,0
BRDA:313,25,0,0
BRDA:313,25,1,0
BRDA:339,26,0,0
BRDA:339,26,1,0
BRDA:352,27,0,0
BRDA:352,27,1,0
BRDA:369,28,0,0
BRDA:369,28,1,0
BRDA:369,29,0,0
BRDA:369,29,1,0
BRDA:373,30,0,0
BRDA:373,30,1,0
BRDA:373,31,0,0
BRDA:373,31,1,0
BRDA:377,32,0,0
BRDA:377,32,1,0
BRDA:377,33,0,0
BRDA:377,33,1,0
BRDA:381,34,0,0
BRDA:381,34,1,0
BRDA:381,35,0,0
BRDA:381,35,1,0
BRDA:385,36,0,0
BRDA:385,36,1,0
BRDA:385,37,0,0
BRDA:385,37,1,0
BRF:76
BRH:0
end_of_record
TN:
SF:src/lib/utils/queryOptimization.ts
FN:55,(anonymous_9)
FN:60,(anonymous_10)
FN:76,(anonymous_11)
FN:82,(anonymous_12)
FN:90,(anonymous_13)
FN:95,(anonymous_14)
FN:101,(anonymous_15)
FN:110,(anonymous_16)
FN:131,(anonymous_17)
FN:146,(anonymous_18)
FN:156,(anonymous_19)
FN:157,(anonymous_20)
FN:174,(anonymous_21)
FN:178,(anonymous_22)
FN:183,(anonymous_23)
FN:189,(anonymous_24)
FN:196,(anonymous_25)
FN:211,(anonymous_26)
FN:225,(anonymous_27)
FN:230,(anonymous_28)
FN:231,(anonymous_29)
FN:234,(anonymous_30)
FN:239,(anonymous_31)
FN:244,(anonymous_32)
FN:248,(anonymous_33)
FN:252,(anonymous_34)
FN:271,(anonymous_36)
FN:306,(anonymous_37)
FN:314,(anonymous_38)
FN:321,(anonymous_39)
FN:348,(anonymous_40)
FN:361,(anonymous_41)
FN:371,(anonymous_42)
FN:398,(anonymous_43)
FN:402,(anonymous_44)
FNF:35
FNH:0
FNDA:0,(anonymous_9)
FNDA:0,(anonymous_10)
FNDA:0,(anonymous_11)
FNDA:0,(anonymous_12)
FNDA:0,(anonymous_13)
FNDA:0,(anonymous_14)
FNDA:0,(anonymous_15)
FNDA:0,(anonymous_16)
FNDA:0,(anonymous_17)
FNDA:0,(anonymous_18)
FNDA:0,(anonymous_19)
FNDA:0,(anonymous_20)
FNDA:0,(anonymous_21)
FNDA:0,(anonymous_22)
FNDA:0,(anonymous_23)
FNDA:0,(anonymous_24)
FNDA:0,(anonymous_25)
FNDA:0,(anonymous_26)
FNDA:0,(anonymous_27)
FNDA:0,(anonymous_28)
FNDA:0,(anonymous_29)
FNDA:0,(anonymous_30)
FNDA:0,(anonymous_31)
FNDA:0,(anonymous_32)
FNDA:0,(anonymous_33)
FNDA:0,(anonymous_34)
FNDA:0,(anonymous_36)
FNDA:0,(anonymous_37)
FNDA:0,(anonymous_38)
FNDA:0,(anonymous_39)
FNDA:0,(anonymous_40)
FNDA:0,(anonymous_41)
FNDA:0,(anonymous_42)
FNDA:0,(anonymous_43)
FNDA:0,(anonymous_44)
DA:20,0
DA:21,0
DA:22,0
DA:49,0
DA:51,0
DA:52,0
DA:56,0
DA:62,0
DA:63,0
DA:67,0
DA:68,0
DA:71,0
DA:72,0
DA:77,0
DA:78,0
DA:83,0
DA:84,0
DA:86,0
DA:91,0
DA:92,0
DA:96,0
DA:97,0
DA:102,0
DA:103,0
DA:104,0
DA:106,0
DA:111,0
DA:114,0
DA:115,0
DA:116,0
DA:118,0
DA:119,0
DA:122,0
DA:123,0
DA:124,0
DA:127,0
DA:132,0
DA:135,0
DA:136,0
DA:137,0
DA:139,0
DA:142,0
DA:145,0
DA:146,0
DA:148,0
DA:157,0
DA:160,0
DA:163,0
DA:170,0
DA:171,0
DA:175,0
DA:179,0
DA:180,0
DA:184,0
DA:187,0
DA:188,0
DA:189,0
DA:190,0
DA:193,0
DA:197,0
DA:198,0
DA:203,0
DA:204,0
DA:217,0
DA:229,0
DA:230,0
DA:231,0
DA:235,0
DA:236,0
DA:238,0
DA:239,0
DA:241,0
DA:245,0
DA:246,0
DA:248,0
DA:249,0
DA:258,0
DA:268,0
DA:271,0
DA:276,0
DA:278,0
DA:279,0
DA:280,0
DA:281,0
DA:285,0
DA:286,0
DA:287,0
DA:288,0
DA:290,0
DA:291,0
DA:293,0
DA:294,0
DA:297,0
DA:298,0
DA:301,0
DA:302,0
DA:306,0
DA:310,0
DA:313,0
DA:314,0
DA:315,0
DA:320,0
DA:321,0
DA:322,0
DA:327,0
DA:328,0
DA:332,0
DA:333,0
DA:335,0
DA:336,0
DA:340,0
DA:341,0
DA:344,0
DA:345,0
DA:346,0
DA:348,0
DA:350,0
DA:357,0
DA:361,0
DA:365,0
DA:368,0
DA:369,0
DA:371,0
DA:374,0
DA:376,0
DA:381,0
DA:386,0
DA:387,0
DA:390,0
DA:391,0
DA:394,0
DA:398,0
DA:402,0
DA:403,0
DA:405,0
DA:406,0
DA:407,0
DA:409,0
DA:416,0
DA:418,0
DA:419,0
DA:420,0
LF:142
LH:0
BRDA:62,0,0,0
BRDA:62,0,1,0
BRDA:62,1,0,0
BRDA:62,1,1,0
BRDA:67,2,0,0
BRDA:67,2,1,0
BRDA:67,3,0,0
BRDA:67,3,1,0
BRDA:67,3,2,0
BRDA:76,4,0,0
BRDA:83,5,0,0
BRDA:83,5,1,0
BRDA:103,6,0,0
BRDA:103,6,1,0
BRDA:114,7,0,0
BRDA:114,7,1,0
BRDA:118,8,0,0
BRDA:118,8,1,0
BRDA:135,9,0,0
BRDA:135,9,1,0
BRDA:136,10,0,0
BRDA:136,10,1,0
BRDA:174,11,0,0
BRDA:215,12,0,0
BRDA:225,13,0,0
BRDA:236,14,0,0
BRDA:236,14,1,0
BRDA:246,15,0,0
BRDA:246,15,1,0
BRDA:274,16,0,0
BRDA:278,17,0,0
BRDA:278,17,1,0
BRDA:280,18,0,0
BRDA:280,18,1,0
BRDA:290,19,0,0
BRDA:290,19,1,0
BRDA:293,20,0,0
BRDA:293,20,1,0
BRDA:308,21,0,0
BRDA:313,22,0,0
BRDA:313,22,1,0
BRDA:320,23,0,0
BRDA:320,23,1,0
BRDA:327,24,0,0
BRDA:327,24,1,0
BRDA:332,25,0,0
BRDA:332,25,1,0
BRDA:335,26,0,0
BRDA:335,26,1,0
BRDA:340,27,0,0
BRDA:340,27,1,0
BRDA:376,28,0,0
BRDA:376,28,1,0
BRDA:381,29,0,0
BRDA:381,29,1,0
BRDA:386,30,0,0
BRDA:386,30,1,0
BRDA:390,31,0,0
BRDA:390,31,1,0
BRDA:390,32,0,0
BRDA:390,32,1,0
BRDA:412,33,0,0
BRDA:412,33,1,0
BRF:63
BRH:0
end_of_record
TN:
SF:src/lib/utils/validation.ts
FN:4,(anonymous_13)
FN:36,(anonymous_14)
FN:64,(anonymous_15)
FN:82,(anonymous_16)
FN:98,(anonymous_17)
FN:113,(anonymous_18)
FN:117,(anonymous_19)
FN:122,(anonymous_20)
FN:133,(anonymous_21)
FN:137,(anonymous_22)
FN:157,(anonymous_23)
FN:162,(anonymous_24)
FN:172,(anonymous_25)
FNF:13
FNH:13
FNDA:8,(anonymous_13)
FNDA:6,(anonymous_14)
FNDA:4,(anonymous_15)
FNDA:6,(anonymous_16)
FNDA:6,(anonymous_17)
FNDA:4,(anonymous_18)
FNDA:3,(anonymous_19)
FNDA:10,(anonymous_20)
FNDA:100,(anonymous_21)
FNDA:3,(anonymous_22)
FNDA:7,(anonymous_23)
FNDA:5,(anonymous_24)
FNDA:5,(anonymous_25)
DA:4,8
DA:5,8
DA:7,8
DA:8,2
DA:11,8
DA:12,2
DA:15,8
DA:16,2
DA:17,6
DA:18,1
DA:21,8
DA:22,2
DA:25,8
DA:26,2
DA:29,8
DA:36,6
DA:37,6
DA:39,6
DA:40,1
DA:43,6
DA:44,1
DA:45,5
DA:46,1
DA:49,6
DA:50,1
DA:53,6
DA:54,1
DA:57,6
DA:64,4
DA:65,4
DA:67,4
DA:68,1
DA:69,3
DA:70,1
DA:71,2
DA:72,1
DA:75,4
DA:82,6
DA:83,6
DA:86,2
DA:90,3
DA:92,1
DA:94,0
DA:98,6
DA:99,6
DA:102,2
DA:107,4
DA:109,0
DA:113,4
DA:114,4
DA:117,3
DA:118,3
DA:122,10
DA:123,10
DA:132,10
DA:133,100
DA:137,3
DA:138,3
DA:139,3
DA:140,3
DA:142,3
DA:143,1
DA:146,3
DA:147,1
DA:150,3
DA:157,7
DA:158,7
DA:162,5
DA:163,5
DA:165,5
DA:172,5
DA:173,5
DA:174,5
DA:176,5
LF:74
LH:72
BRDA:7,0,0,2
BRDA:7,0,1,6
BRDA:11,1,0,2
BRDA:11,1,1,6
BRDA:15,2,0,2
BRDA:15,2,1,6
BRDA:17,3,0,1
BRDA:17,3,1,5
BRDA:21,4,0,2
BRDA:21,4,1,6
BRDA:21,5,0,8
BRDA:21,5,1,6
BRDA:21,5,2,6
BRDA:25,6,0,2
BRDA:25,6,1,6
BRDA:39,7,0,1
BRDA:39,7,1,5
BRDA:43,8,0,1
BRDA:43,8,1,5
BRDA:45,9,0,1
BRDA:45,9,1,4
BRDA:49,10,0,1
BRDA:49,10,1,5
BRDA:53,11,0,1
BRDA:53,11,1,5
BRDA:67,12,0,1
BRDA:67,12,1,3
BRDA:69,13,0,1
BRDA:69,13,1,2
BRDA:71,14,0,1
BRDA:71,14,1,1
BRDA:82,15,0,6
BRDA:83,16,0,1
BRDA:83,16,1,2
BRDA:83,16,2,1
BRDA:83,16,3,2
BRDA:83,16,4,3
BRDA:83,16,5,1
BRDA:83,16,6,0
BRDA:99,17,0,1
BRDA:99,17,1,2
BRDA:99,17,2,1
BRDA:99,17,3,2
BRDA:99,17,4,3
BRDA:99,17,5,4
BRDA:99,17,6,0
BRDA:142,18,0,1
BRDA:142,18,1,2
BRDA:146,19,0,1
BRDA:146,19,1,2
BRDA:158,20,0,7
BRDA:158,20,1,6
BRDA:158,20,2,4
BRDA:166,21,0,5
BRDA:166,21,1,4
BRDA:173,22,0,5
BRDA:173,22,1,2
BRDA:174,23,0,5
BRDA:174,23,1,1
BRF:59
BRH:57
end_of_record
TN:
SF:src/types/index.ts
FN:205,(anonymous_6)
FN:216,(anonymous_7)
FN:223,(anonymous_8)
FN:230,(anonymous_9)
FN:237,(anonymous_10)
FNF:5
FNH:5
FNDA:18,(anonymous_6)
FNDA:3,(anonymous_7)
FNDA:5,(anonymous_8)
FNDA:2,(anonymous_9)
FNDA:2,(anonymous_10)
DA:204,25
DA:207,18
DA:208,18
DA:210,18
DA:211,18
DA:215,4
DA:217,3
DA:218,3
DA:222,6
DA:224,5
DA:225,5
DA:229,3
DA:231,2
DA:232,2
DA:236,3
DA:238,2
DA:239,2
LF:17
LH:17
BRDA:208,0,0,0
BRDA:216,1,0,1
BRDA:223,2,0,2
BRDA:230,3,0,0
BRDA:237,4,0,0
BRF:5
BRH:2
end_of_record
